Added Component: Designator=C1(CAP-T)
Added Component: Designator=C2(CAP-T)
Added Component: Designator=C3(CAP-T)
Added Component: Designator=C4(CAP-T)
Added Component: Designator=D1(SS24)
Added Component: Designator=D2(SS24)
Added Component: Designator=D3(SS24)
Added Component: Designator=D4(SS24)
Added Component: Designator=D5(SS24)
Added Component: Designator=R1(RES-T)
Added Component: Designator=R2(RES-T)
Added Component: Designator=R3(RES-T)
Added Component: Designator=R4(RES-T)
Added Component: Designator=R5(RES-T)
Added Component: Designator=R6(RES-T)
Added Component: Designator=R7(RES-T)
Added Component: Designator=R8(RES-T)
Added Component: Designator=R9(RES-T)
Added Component: Designator=R10(RES-T)
Added Component: Designator=R11(RES-T)
Added Component: Designator=R12(RES-T)
Added Component: Designator=R13(RES-T)
Added Component: Designator=R14(RES-T)
Added Component: Designator=R15(RES-T)
Added Component: Designator=R16(RES-T)
Added Component: Designator=R17(RES-T)
Added Component: Designator=R18(RES-T)
Added Component: Designator=R19(RES-T)
Added Component: Designator=R20(RES-T)
Added Component: Designator=R21(RES-T)
Added Component: Designator=R22(RES-T)
Added Component: Designator=R23(RES-T)
Added Component: Designator=R24(RES-T)
Added Component: Designator=R25(RES-T)
Added Component: Designator=R26(RES-T)
Added Component: Designator=SIP1(SIP7*2)
Added Component: Designator=SIP2(SIP4)
Added Component: Designator=SIP3(SIP4)
Added Component: Designator=SIP4(SIP2-3MM)
Added Component: Designator=SIP5(SIP2-3MM)
Added Component: Designator=U1(BTN7971)
Added Component: Designator=U2(BTN7971)
Added Component: Designator=U3(BTN7971)
Added Component: Designator=U4(BTN7971)
Added Component: Designator=U5(LM7805-T)
Added Component: Designator=U6(LM7806)
Added Pin To Net: NetName=GND Pin=C1-2
Added Pin To Net: NetName=GND Pin=C2-2
Added Pin To Net: NetName=GND Pin=C3-2
Added Pin To Net: NetName=GND Pin=C4-2
Added Pin To Net: NetName=GND Pin=D1-1
Added Pin To Net: NetName=GND Pin=D2-1
Added Pin To Net: NetName=GND Pin=D3-1
Added Pin To Net: NetName=GND Pin=D4-1
Added Pin To Net: NetName=GND Pin=D5-1
Added Pin To Net: NetName=GND Pin=R1-1
Added Pin To Net: NetName=GND Pin=R3-1
Added Pin To Net: NetName=GND Pin=R5-1
Added Pin To Net: NetName=GND Pin=R7-1
Added Pin To Net: NetName=GND Pin=R9-1
Added Pin To Net: NetName=GND Pin=R12-1
Added Pin To Net: NetName=GND Pin=R13-1
Added Pin To Net: NetName=GND Pin=R15-1
Added Pin To Net: NetName=GND Pin=R16-1
Added Pin To Net: NetName=GND Pin=R18-1
Added Pin To Net: NetName=GND Pin=R19-1
Added Pin To Net: NetName=GND Pin=R21-1
Added Pin To Net: NetName=GND Pin=R22-1
Added Pin To Net: NetName=GND Pin=SIP1-1
Added Pin To Net: NetName=GND Pin=SIP2-1
Added Pin To Net: NetName=GND Pin=SIP3-1
Added Pin To Net: NetName=GND Pin=U1-1
Added Pin To Net: NetName=GND Pin=U2-1
Added Pin To Net: NetName=GND Pin=U3-1
Added Pin To Net: NetName=GND Pin=U4-1
Added Pin To Net: NetName=GND Pin=U5-1
Added Pin To Net: NetName=GND Pin=U6-2
Added Net: Name=GND
Added Pin To Net: NetName=NetR11_2 Pin=R11-2
Added Pin To Net: NetName=NetR11_2 Pin=U1-3
Added Net: Name=NetR11_2
Added Pin To Net: NetName=NetR12_2 Pin=R12-2
Added Pin To Net: NetName=NetR12_2 Pin=U1-6
Added Net: Name=NetR12_2
Added Pin To Net: NetName=NetR13_2 Pin=R13-2
Added Pin To Net: NetName=NetR13_2 Pin=U1-5
Added Net: Name=NetR13_2
Added Pin To Net: NetName=NetR14_1 Pin=R14-1
Added Pin To Net: NetName=NetR14_1 Pin=U2-3
Added Net: Name=NetR14_1
Added Pin To Net: NetName=NetR15_2 Pin=R15-2
Added Pin To Net: NetName=NetR15_2 Pin=U2-6
Added Net: Name=NetR15_2
Added Pin To Net: NetName=NetR16_2 Pin=R16-2
Added Pin To Net: NetName=NetR16_2 Pin=U2-5
Added Net: Name=NetR16_2
Added Pin To Net: NetName=NetR17_1 Pin=R17-1
Added Pin To Net: NetName=NetR17_1 Pin=U3-3
Added Net: Name=NetR17_1
Added Pin To Net: NetName=NetR18_2 Pin=R18-2
Added Pin To Net: NetName=NetR18_2 Pin=U3-6
Added Net: Name=NetR18_2
Added Pin To Net: NetName=NetR19_2 Pin=R19-2
Added Pin To Net: NetName=NetR19_2 Pin=U3-5
Added Net: Name=NetR19_2
Added Pin To Net: NetName=NetR20_1 Pin=R20-1
Added Pin To Net: NetName=NetR20_1 Pin=U4-3
Added Net: Name=NetR20_1
Added Pin To Net: NetName=NetR21_2 Pin=R21-2
Added Pin To Net: NetName=NetR21_2 Pin=U4-6
Added Net: Name=NetR21_2
Added Pin To Net: NetName=NetR22_2 Pin=R22-2
Added Pin To Net: NetName=NetR22_2 Pin=U4-5
Added Net: Name=NetR22_2
Added Pin To Net: NetName=OUT1 Pin=SIP4-1
Added Pin To Net: NetName=OUT1 Pin=U1-4
Added Pin To Net: NetName=OUT1 Pin=U1-8
Added Net: Name=OUT1
Added Pin To Net: NetName=OUT2 Pin=SIP4-2
Added Pin To Net: NetName=OUT2 Pin=U2-4
Added Pin To Net: NetName=OUT2 Pin=U2-8
Added Net: Name=OUT2
Added Pin To Net: NetName=OUT3 Pin=SIP5-1
Added Pin To Net: NetName=OUT3 Pin=U3-4
Added Pin To Net: NetName=OUT3 Pin=U3-8
Added Net: Name=OUT3
Added Pin To Net: NetName=OUT4 Pin=SIP5-2
Added Pin To Net: NetName=OUT4 Pin=U4-4
Added Pin To Net: NetName=OUT4 Pin=U4-8
Added Net: Name=OUT4
Added Pin To Net: NetName=PWM1_ Pin=R1-2
Added Net: Name=PWM1_
Added Pin To Net: NetName=PWM1 Pin=D1-2
Added Pin To Net: NetName=PWM1 Pin=R2-1
Added Pin To Net: NetName=PWM1 Pin=SIP1-8
Added Pin To Net: NetName=PWM1 Pin=U1-2
Added Net: Name=PWM1
Added Pin To Net: NetName=PWM2_ Pin=R3-2
Added Net: Name=PWM2_
Added Pin To Net: NetName=PWM2 Pin=D2-2
Added Pin To Net: NetName=PWM2 Pin=R4-1
Added Pin To Net: NetName=PWM2 Pin=SIP1-9
Added Pin To Net: NetName=PWM2 Pin=U2-2
Added Net: Name=PWM2
Added Pin To Net: NetName=PWM3_ Pin=R5-2
Added Net: Name=PWM3_
Added Pin To Net: NetName=PWM3 Pin=D3-2
Added Pin To Net: NetName=PWM3 Pin=R6-1
Added Pin To Net: NetName=PWM3 Pin=SIP1-10
Added Pin To Net: NetName=PWM3 Pin=U3-2
Added Net: Name=PWM3
Added Pin To Net: NetName=PWM4_ Pin=R7-2
Added Net: Name=PWM4_
Added Pin To Net: NetName=PWM4 Pin=D4-2
Added Pin To Net: NetName=PWM4 Pin=R8-1
Added Pin To Net: NetName=PWM4 Pin=SIP1-11
Added Pin To Net: NetName=PWM4 Pin=U4-2
Added Net: Name=PWM4
Added Pin To Net: NetName=SERVO_PWM_ Pin=R9-2
Added Net: Name=SERVO_PWM_
Added Pin To Net: NetName=SERVO_PWM Pin=D5-2
Added Pin To Net: NetName=SERVO_PWM Pin=R10-1
Added Pin To Net: NetName=SERVO_PWM Pin=SIP1-12
Added Net: Name=SERVO_PWM
Added Pin To Net: NetName=T1 Pin=R23-1
Added Pin To Net: NetName=T1 Pin=SIP1-6
Added Pin To Net: NetName=T1 Pin=SIP2-3
Added Net: Name=T1
Added Pin To Net: NetName=T2 Pin=R24-1
Added Pin To Net: NetName=T2 Pin=SIP1-7
Added Pin To Net: NetName=T2 Pin=SIP2-4
Added Net: Name=T2
Added Pin To Net: NetName=T3 Pin=R25-1
Added Pin To Net: NetName=T3 Pin=SIP1-14
Added Pin To Net: NetName=T3 Pin=SIP3-3
Added Net: Name=T3
Added Pin To Net: NetName=T4 Pin=R26-1
Added Pin To Net: NetName=T4 Pin=SIP1-13
Added Pin To Net: NetName=T4 Pin=SIP3-4
Added Net: Name=T4
Added Pin To Net: NetName=VCC-3.3V Pin=SIP1-2
Added Net: Name=VCC-3.3V
Added Pin To Net: NetName=VCC-5V Pin=R2-2
Added Pin To Net: NetName=VCC-5V Pin=R4-2
Added Pin To Net: NetName=VCC-5V Pin=R6-2
Added Pin To Net: NetName=VCC-5V Pin=R8-2
Added Pin To Net: NetName=VCC-5V Pin=R11-1
Added Pin To Net: NetName=VCC-5V Pin=R14-2
Added Pin To Net: NetName=VCC-5V Pin=R17-2
Added Pin To Net: NetName=VCC-5V Pin=R20-2
Added Pin To Net: NetName=VCC-5V Pin=R23-2
Added Pin To Net: NetName=VCC-5V Pin=R24-2
Added Pin To Net: NetName=VCC-5V Pin=R25-2
Added Pin To Net: NetName=VCC-5V Pin=R26-2
Added Pin To Net: NetName=VCC-5V Pin=SIP1-3
Added Pin To Net: NetName=VCC-5V Pin=SIP1-4
Added Pin To Net: NetName=VCC-5V Pin=SIP2-2
Added Pin To Net: NetName=VCC-5V Pin=SIP3-2
Added Pin To Net: NetName=VCC-5V Pin=U5-3
Added Net: Name=VCC-5V
Added Pin To Net: NetName=VCC-6V Pin=R10-2
Added Pin To Net: NetName=VCC-6V Pin=SIP1-5
Added Pin To Net: NetName=VCC-6V Pin=U6-3
Added Net: Name=VCC-6V
Added Pin To Net: NetName=VCC-7.2V Pin=C1-1
Added Pin To Net: NetName=VCC-7.2V Pin=C2-1
Added Pin To Net: NetName=VCC-7.2V Pin=C3-1
Added Pin To Net: NetName=VCC-7.2V Pin=C4-1
Added Pin To Net: NetName=VCC-7.2V Pin=U1-7
Added Pin To Net: NetName=VCC-7.2V Pin=U2-7
Added Pin To Net: NetName=VCC-7.2V Pin=U3-7
Added Pin To Net: NetName=VCC-7.2V Pin=U4-7
Added Pin To Net: NetName=VCC-7.2V Pin=U6-1
Added Net: Name=VCC-7.2V
Added Class: Name=qudong
Added Room: Name=qudong
