Added Component: Designator=C1(22uF钽电容)
Added Component: Designator=C2(10uF的钽电容)
Added Component: Designator=C3(22uF钽电容)
Added Component: Designator=C4(10uF的钽电容)
Added Component: Designator=C5(47UF钽电容)
Added Component: Designator=D1(0805)
Added Component: Designator=D2(470uF钽电容)
Added Component: Designator=F1(FUSE)
Added Component: Designator=L1(INDUCTOR)
Added Component: Designator=P1(端子)
Added Component: Designator=P2(HDR1X4)
Added Component: Designator=P3(端子)
Added Component: Designator=P4(HDR1X3)
Added Component: Designator=P5(HDR1X3)
Added Component: Designator=P6(HDR1X4)
Added Component: Designator=P7(HDR1X8)
Added Component: Designator=P8(HDR1X3)
Added Component: Designator=P9(HDR1X8)
Added Component: Designator=P10(HDR1X5)
Added Component: Designator=P11(HDR1X3)
Added Component: Designator=P12(HDR2X8_CEN)
Added Component: Designator=R1(0805)
Added Component: Designator=S1(Rockey_Switch)
Added Component: Designator=U1(XS128接口)
Added Component: Designator=VR1(LM2940)
Added Pin To Net: NetName=5V Pin=C3-2
Added Pin To Net: NetName=5V Pin=C4-2
Added Pin To Net: NetName=5V Pin=P2-1
Added Pin To Net: NetName=5V Pin=P8-3
Added Pin To Net: NetName=5V Pin=P10-2
Added Pin To Net: NetName=5V Pin=P11-3
Added Pin To Net: NetName=5V Pin=P12-1
Added Pin To Net: NetName=5V Pin=R1-1
Added Pin To Net: NetName=5V Pin=U1-69
Added Pin To Net: NetName=5V Pin=VR1-3
Added Net: Name=5V
Added Pin To Net: NetName=7.2V Pin=C5-2
Added Pin To Net: NetName=7.2V Pin=P1-2
Added Pin To Net: NetName=7.2V Pin=P3-2
Added Pin To Net: NetName=7.2V Pin=S1-2
Added Net: Name=7.2V
Added Pin To Net: NetName=AD0 Pin=P10-3
Added Pin To Net: NetName=AD0 Pin=U1-53
Added Net: Name=AD0
Added Pin To Net: NetName=AD1 Pin=P7-7
Added Pin To Net: NetName=AD1 Pin=U1-55
Added Net: Name=AD1
Added Pin To Net: NetName=AD2 Pin=P7-6
Added Pin To Net: NetName=AD2 Pin=U1-57
Added Net: Name=AD2
Added Pin To Net: NetName=AD3 Pin=P7-5
Added Pin To Net: NetName=AD3 Pin=U1-59
Added Net: Name=AD3
Added Pin To Net: NetName=AD4 Pin=P7-4
Added Pin To Net: NetName=AD4 Pin=U1-61
Added Net: Name=AD4
Added Pin To Net: NetName=AD5 Pin=P7-3
Added Pin To Net: NetName=AD5 Pin=U1-63
Added Net: Name=AD5
Added Pin To Net: NetName=AD6 Pin=P7-2
Added Pin To Net: NetName=AD6 Pin=U1-65
Added Net: Name=AD6
Added Pin To Net: NetName=AD7 Pin=P7-1
Added Pin To Net: NetName=AD7 Pin=U1-67
Added Net: Name=AD7
Added Pin To Net: NetName=AD8 Pin=U1-54
Added Net: Name=AD8
Added Pin To Net: NetName=AD9 Pin=P7-8
Added Pin To Net: NetName=AD9 Pin=U1-56
Added Net: Name=AD9
Added Pin To Net: NetName=AD10 Pin=U1-58
Added Net: Name=AD10
Added Pin To Net: NetName=AD11 Pin=U1-60
Added Net: Name=AD11
Added Pin To Net: NetName=AD12 Pin=U1-62
Added Net: Name=AD12
Added Pin To Net: NetName=AD13 Pin=U1-64
Added Net: Name=AD13
Added Pin To Net: NetName=AD14 Pin=U1-66
Added Net: Name=AD14
Added Pin To Net: NetName=AD15 Pin=U1-68
Added Net: Name=AD15
Added Pin To Net: NetName=GND Pin=C1-1
Added Pin To Net: NetName=GND Pin=C2-1
Added Pin To Net: NetName=GND Pin=C3-1
Added Pin To Net: NetName=GND Pin=C4-1
Added Pin To Net: NetName=GND Pin=D1-2
Added Pin To Net: NetName=GND Pin=L1-2
Added Pin To Net: NetName=GND Pin=P2-4
Added Pin To Net: NetName=GND Pin=P8-2
Added Pin To Net: NetName=GND Pin=P10-1
Added Pin To Net: NetName=GND Pin=P11-2
Added Pin To Net: NetName=GND Pin=P12-2
Added Pin To Net: NetName=GND Pin=U1-70
Added Pin To Net: NetName=GND Pin=VR1-2
Added Net: Name=GND
Added Pin To Net: NetName=NetD1_1 Pin=D1-1
Added Pin To Net: NetName=NetD1_1 Pin=R1-2
Added Net: Name=NetD1_1
Added Pin To Net: NetName=NetD2_1 Pin=D2-1
Added Pin To Net: NetName=NetD2_1 Pin=F1-2
Added Net: Name=NetD2_1
Added Pin To Net: NetName=NetF1_1 Pin=F1-1
Added Pin To Net: NetName=NetF1_1 Pin=S1-3
Added Net: Name=NetF1_1
Added Pin To Net: NetName=PA0 Pin=P12-16
Added Pin To Net: NetName=PA0 Pin=U1-45
Added Net: Name=PA0
Added Pin To Net: NetName=PA1 Pin=P12-15
Added Pin To Net: NetName=PA1 Pin=U1-46
Added Net: Name=PA1
Added Pin To Net: NetName=PA2 Pin=P12-14
Added Pin To Net: NetName=PA2 Pin=U1-47
Added Net: Name=PA2
Added Pin To Net: NetName=PA3 Pin=P12-13
Added Pin To Net: NetName=PA3 Pin=U1-48
Added Net: Name=PA3
Added Pin To Net: NetName=PA4 Pin=P12-12
Added Pin To Net: NetName=PA4 Pin=U1-49
Added Net: Name=PA4
Added Pin To Net: NetName=PA5 Pin=P12-11
Added Pin To Net: NetName=PA5 Pin=U1-50
Added Net: Name=PA5
Added Pin To Net: NetName=PA6 Pin=P10-5
Added Pin To Net: NetName=PA6 Pin=U1-51
Added Net: Name=PA6
Added Pin To Net: NetName=PA7 Pin=P10-4
Added Pin To Net: NetName=PA7 Pin=U1-52
Added Net: Name=PA7
Added Pin To Net: NetName=PB2 Pin=P12-3
Added Pin To Net: NetName=PB2 Pin=U1-23
Added Net: Name=PB2
Added Pin To Net: NetName=PB3 Pin=P12-4
Added Pin To Net: NetName=PB3 Pin=U1-24
Added Net: Name=PB3
Added Pin To Net: NetName=PB4 Pin=P12-5
Added Pin To Net: NetName=PB4 Pin=U1-25
Added Net: Name=PB4
Added Pin To Net: NetName=PB5 Pin=P12-6
Added Pin To Net: NetName=PB5 Pin=U1-26
Added Net: Name=PB5
Added Pin To Net: NetName=PB6 Pin=P12-7
Added Pin To Net: NetName=PB6 Pin=U1-27
Added Net: Name=PB6
Added Pin To Net: NetName=PB7 Pin=P12-8
Added Pin To Net: NetName=PB7 Pin=U1-28
Added Net: Name=PB7
Added Pin To Net: NetName=PGND Pin=C5-1
Added Pin To Net: NetName=PGND Pin=L1-1
Added Pin To Net: NetName=PGND Pin=P1-1
Added Pin To Net: NetName=PGND Pin=P3-1
Added Net: Name=PGND
Added Pin To Net: NetName=PK0 Pin=P4-1
Added Pin To Net: NetName=PK0 Pin=U1-8
Added Net: Name=PK0
Added Pin To Net: NetName=PK1 Pin=P4-2
Added Net: Name=PK1
Added Pin To Net: NetName=PK2 Pin=P5-1
Added Pin To Net: NetName=PK2 Pin=U1-6
Added Net: Name=PK2
Added Pin To Net: NetName=PK3 Pin=P5-2
Added Net: Name=PK3
Added Pin To Net: NetName=PP0 Pin=P6-1
Added Pin To Net: NetName=PP0 Pin=U1-4
Added Net: Name=PP0
Added Pin To Net: NetName=PP1 Pin=P6-2
Added Pin To Net: NetName=PP1 Pin=U1-3
Added Net: Name=PP1
Added Pin To Net: NetName=PP2 Pin=P6-3
Added Pin To Net: NetName=PP2 Pin=U1-2
Added Net: Name=PP2
Added Pin To Net: NetName=PP3 Pin=P6-4
Added Pin To Net: NetName=PP3 Pin=U1-1
Added Net: Name=PP3
Added Pin To Net: NetName=PP4 Pin=U1-93
Added Net: Name=PP4
Added Pin To Net: NetName=PP5 Pin=U1-92
Added Net: Name=PP5
Added Pin To Net: NetName=PP6 Pin=P4-3
Added Pin To Net: NetName=PP6 Pin=U1-91
Added Net: Name=PP6
Added Pin To Net: NetName=PP7 Pin=P5-3
Added Pin To Net: NetName=PP7 Pin=U1-90
Added Net: Name=PP7
Added Pin To Net: NetName=PS0 Pin=P2-2
Added Pin To Net: NetName=PS0 Pin=U1-73
Added Net: Name=PS0
Added Pin To Net: NetName=PS1 Pin=P2-3
Added Pin To Net: NetName=PS1 Pin=U1-74
Added Net: Name=PS1
Added Pin To Net: NetName=PS2 Pin=U1-75
Added Net: Name=PS2
Added Pin To Net: NetName=PS3 Pin=U1-76
Added Net: Name=PS3
Added Pin To Net: NetName=PT0 Pin=P8-1
Added Pin To Net: NetName=PT0 Pin=P9-8
Added Pin To Net: NetName=PT0 Pin=U1-9
Added Net: Name=PT0
Added Pin To Net: NetName=PT1 Pin=P9-7
Added Pin To Net: NetName=PT1 Pin=P11-1
Added Pin To Net: NetName=PT1 Pin=U1-10
Added Net: Name=PT1
Added Pin To Net: NetName=PT2 Pin=P9-6
Added Pin To Net: NetName=PT2 Pin=U1-11
Added Net: Name=PT2
Added Pin To Net: NetName=PT3 Pin=P9-5
Added Pin To Net: NetName=PT3 Pin=U1-12
Added Net: Name=PT3
Added Pin To Net: NetName=PT4 Pin=P9-4
Added Pin To Net: NetName=PT4 Pin=U1-13
Added Net: Name=PT4
Added Pin To Net: NetName=PT5 Pin=P9-3
Added Pin To Net: NetName=PT5 Pin=U1-14
Added Net: Name=PT5
Added Pin To Net: NetName=PT6 Pin=P9-2
Added Pin To Net: NetName=PT6 Pin=U1-15
Added Net: Name=PT6
Added Pin To Net: NetName=PT7 Pin=P9-1
Added Pin To Net: NetName=PT7 Pin=U1-16
Added Net: Name=PT7
Added Pin To Net: NetName=V1 Pin=C1-2
Added Pin To Net: NetName=V1 Pin=C2-2
Added Pin To Net: NetName=V1 Pin=D2-2
Added Pin To Net: NetName=V1 Pin=VR1-1
Added Net: Name=V1
Added Class: Name=Sheet1
Added Room: Name=Sheet1
