Removed Pin From Net: NetName=5V Pin=P13-1
Removed Pin From Net: NetName=5V Pin=P13-2
Removed Pin From Net: NetName=5V Pin=P13-3
Removed Pin From Net: NetName=GND Pin=P14-1
Removed Pin From Net: NetName=GND Pin=P14-2
Removed Pin From Net: NetName=GND Pin=P14-3
Removed Member From Class: ClassName=Sheet1 Member=P13
Removed Member From Class: ClassName=Sheet1 Member=P14
Added Component: Designator=P?(HDR2X3)
Added Component: Designator=P?(HDR2X3)
Added Pin To Net: NetName=5V Pin=P?-1
Added Pin To Net: NetName=GND Pin=P?-1
Added Pin To Net: NetName=5V Pin=P?-2
Added Pin To Net: NetName=GND Pin=P?-2
Added Pin To Net: NetName=5V Pin=P?-3
Added Pin To Net: NetName=GND Pin=P?-3
Added Pin To Net: NetName=5V Pin=P?-4
Added Pin To Net: NetName=GND Pin=P?-4
Added Pin To Net: NetName=5V Pin=P?-5
Added Pin To Net: NetName=GND Pin=P?-5
Added Pin To Net: NetName=5V Pin=P?-6
Added Pin To Net: NetName=GND Pin=P?-6
Added Member To Class: ClassName=Sheet1 Member=Component P? Header 3X2
Added Member To Class: ClassName=Sheet1 Member=Component P? Header 3X2
Added Room: Name=Sheet1
