Removed Pin From Net: NetName=PT6 Pin=P9-2
Removed Pin From Net: NetName=PT4 Pin=P9-4
Removed Pin From Net: NetName=PT2 Pin=P9-6
Removed Pin From Net: NetName=PT1 Pin=P9-7
Removed Pin From Net: NetName=PT0 Pin=P9-8
Removed Pin From Net: NetName=PT1 Pin=U1-10
Removed Pin From Net: NetName=PA7 Pin=U1-52
Removed Pin From Net: NetName=AD10 Pin=U1-58
Removed Pin From Net: NetName=AD11 Pin=U1-60
Removed Pin From Net: NetName=AD12 Pin=U1-62
Removed Pin From Net: NetName=AD13 Pin=U1-64
Removed Member From Class: ClassName=Sheet1 Member=P9
Added Component: Designator=P6(HDR1X4)
Added Component: Designator=P?(HDR1X4)
Added Component: Designator=P?(HDR1X8)
Added Pin To Net: NetName=AD12 Pin=P4-1
Added Pin To Net: NetName=AD10 Pin=P4-2
Added Pin To Net: NetName=PP5 Pin=P4-3
Added Pin To Net: NetName=AD11 Pin=P5-1
Added Pin To Net: NetName=AD13 Pin=P5-2
Added Pin To Net: NetName=PP4 Pin=P6-1
Added Pin To Net: NetName=PP3 Pin=P6-2
Added Pin To Net: NetName=PP2 Pin=P6-3
Added Pin To Net: NetName=PP1 Pin=P6-4
Added Pin To Net: NetName=PA4 Pin=P10-5
Added Pin To Net: NetName=5V Pin=P?-1
Added Pin To Net: NetName=PT6 Pin=P?-1
Added Pin To Net: NetName=GND Pin=P?-2
Added Pin To Net: NetName=PT4 Pin=P?-2
Added Pin To Net: NetName=PA5 Pin=P?-3
Added Pin To Net: NetName=PT2 Pin=P?-3
Added Pin To Net: NetName=PA4 Pin=P?-4
Added Pin To Net: NetName=PT0 Pin=P?-4
Added Pin To Net: NetName=PA3 Pin=P?-5
Added Pin To Net: NetName=PA2 Pin=P?-6
Added Pin To Net: NetName=PA1 Pin=P?-7
Added Pin To Net: NetName=PA0 Pin=P?-8
Added Pin To Net: NetName=AD13 Pin=U1-37
Added Pin To Net: NetName=AD10 Pin=U1-38
Added Pin To Net: NetName=AD11 Pin=U1-39
Added Pin To Net: NetName=AD12 Pin=U1-40
Change Net Name : Old Net Name=AD10 New Net Name=PH2
Change Net Name : Old Net Name=AD11 New Net Name=PH1
Change Net Name : Old Net Name=AD12 New Net Name=PH0
Change Net Name : Old Net Name=AD13 New Net Name=PH3
Added Member To Class: ClassName=Sheet1 Member=Component P6 Header 4
Added Member To Class: ClassName=Sheet1 Member=Component P? Header 4
Added Member To Class: ClassName=Sheet1 Member=Component P? Header 8
Added Room: Name=Sheet1
