Removed Pin From Net: NetName=D23 Pin=P1-5
Removed Pin From Net: NetName=D25 Pin=P1-6
Removed Pin From Net: NetName=PWM1 Pin=P1-7
Removed Pin From Net: NetName=PWM2 Pin=P1-8
Removed Pin From Net: NetName=D27 Pin=P1-9
Removed Pin From Net: NetName=D29 Pin=P1-10
Removed Pin From Net: NetName=D31 Pin=P2-5
Removed Pin From Net: NetName=D33 Pin=P2-6
Removed Pin From Net: NetName=PWM3 Pin=P2-7
Removed Pin From Net: NetName=PWM4 Pin=P2-8
Removed Pin From Net: NetName=D35 Pin=P2-9
Removed Pin From Net: NetName=D37 Pin=P2-10
Removed Pin From Net: NetName=D39 Pin=P3-5
Removed Pin From Net: NetName=D41 Pin=P3-6
Removed Pin From Net: NetName=PWM5 Pin=P3-7
Removed Pin From Net: NetName=PWM6 Pin=P3-8
Removed Pin From Net: NetName=D43 Pin=P3-9
Removed Pin From Net: NetName=D45 Pin=P3-10
Removed Pin From Net: NetName=D47 Pin=P4-5
Removed Pin From Net: NetName=D49 Pin=P4-6
Removed Pin From Net: NetName=PWM7 Pin=P4-7
Removed Pin From Net: NetName=PWM8 Pin=P4-8
Removed Pin From Net: NetName=D51 Pin=P4-9
Removed Pin From Net: NetName=D53 Pin=P4-10
Added Pin To Net: NetName=D25 Pin=P1-5
Added Pin To Net: NetName=D23 Pin=P1-6
Added Pin To Net: NetName=PWM2 Pin=P1-7
Added Pin To Net: NetName=PWM1 Pin=P1-8
Added Pin To Net: NetName=D29 Pin=P1-9
Added Pin To Net: NetName=D27 Pin=P1-10
Added Pin To Net: NetName=D33 Pin=P2-5
Added Pin To Net: NetName=D31 Pin=P2-6
Added Pin To Net: NetName=PWM4 Pin=P2-7
Added Pin To Net: NetName=PWM3 Pin=P2-8
Added Pin To Net: NetName=D37 Pin=P2-9
Added Pin To Net: NetName=D35 Pin=P2-10
Added Pin To Net: NetName=D41 Pin=P3-5
Added Pin To Net: NetName=D39 Pin=P3-6
Added Pin To Net: NetName=PWM6 Pin=P3-7
Added Pin To Net: NetName=PWM5 Pin=P3-8
Added Pin To Net: NetName=D45 Pin=P3-9
Added Pin To Net: NetName=D43 Pin=P3-10
Added Pin To Net: NetName=D49 Pin=P4-5
Added Pin To Net: NetName=D47 Pin=P4-6
Added Pin To Net: NetName=PWM8 Pin=P4-7
Added Pin To Net: NetName=PWM7 Pin=P4-8
Added Pin To Net: NetName=D53 Pin=P4-9
Added Pin To Net: NetName=D51 Pin=P4-10
Added Pin To Net: NetName=GND Pin=U1-4
Added Room: Name=Sheet1
