Added Component: Designator=SIP1(SIP3)
Added Component: Designator=SIP2(SIP4)
Added Component: Designator=SIP3(SIP20)
Added Component: Designator=U1(ALIENTEK ZJB)
Added Pin To Net: NetName=1 Pin=SIP3-5
Added Pin To Net: NetName=1 Pin=U1-1
Added Net: Name=1
Added Pin To Net: NetName=2 Pin=SIP3-15
Added Pin To Net: NetName=2 Pin=U1-2
Added Net: Name=2
Added Pin To Net: NetName=3 Pin=SIP3-14
Added Pin To Net: NetName=3 Pin=U1-3
Added Net: Name=3
Added Pin To Net: NetName=4 Pin=SIP3-13
Added Pin To Net: NetName=4 Pin=U1-4
Added Net: Name=4
Added Pin To Net: NetName=5 Pin=U1-5
Added Net: Name=5
Added Pin To Net: NetName=5V Pin=SIP2-1
Added Pin To Net: NetName=5V Pin=SIP3-1
Added Pin To Net: NetName=5V Pin=U1-21
Added Pin To Net: NetName=5V Pin=U1-23
Added Net: Name=5V
Added Pin To Net: NetName=6 Pin=SIP3-9
Added Pin To Net: NetName=6 Pin=U1-6
Added Net: Name=6
Added Pin To Net: NetName=7 Pin=SIP3-19
Added Pin To Net: NetName=7 Pin=U1-7
Added Net: Name=7
Added Pin To Net: NetName=8 Pin=SIP3-20
Added Pin To Net: NetName=8 Pin=U1-8
Added Net: Name=8
Added Pin To Net: NetName=9 Pin=U1-9
Added Net: Name=9
Added Pin To Net: NetName=10 Pin=SIP3-18
Added Pin To Net: NetName=10 Pin=U1-10
Added Net: Name=10
Added Pin To Net: NetName=11 Pin=U1-11
Added Net: Name=11
Added Pin To Net: NetName=12 Pin=SIP3-6
Added Pin To Net: NetName=12 Pin=U1-12
Added Net: Name=12
Added Pin To Net: NetName=12V Pin=SIP1-1
Added Net: Name=12V
Added Pin To Net: NetName=13 Pin=U1-13
Added Net: Name=13
Added Pin To Net: NetName=14 Pin=SIP3-16
Added Pin To Net: NetName=14 Pin=U1-14
Added Net: Name=14
Added Pin To Net: NetName=15 Pin=SIP3-17
Added Pin To Net: NetName=15 Pin=U1-15
Added Net: Name=15
Added Pin To Net: NetName=16 Pin=SIP3-10
Added Pin To Net: NetName=16 Pin=U1-16
Added Net: Name=16
Added Pin To Net: NetName=17 Pin=SIP2-3
Added Pin To Net: NetName=17 Pin=U1-17
Added Net: Name=17
Added Pin To Net: NetName=18 Pin=SIP2-4
Added Pin To Net: NetName=18 Pin=U1-18
Added Net: Name=18
Added Pin To Net: NetName=19 Pin=U1-19
Added Net: Name=19
Added Pin To Net: NetName=20 Pin=U1-20
Added Net: Name=20
Added Pin To Net: NetName=24 Pin=U1-24
Added Net: Name=24
Added Pin To Net: NetName=25 Pin=SIP3-7
Added Pin To Net: NetName=25 Pin=U1-25
Added Net: Name=25
Added Pin To Net: NetName=26 Pin=SIP1-2
Added Pin To Net: NetName=26 Pin=U1-26
Added Net: Name=26
Added Pin To Net: NetName=27 Pin=SIP3-8
Added Pin To Net: NetName=27 Pin=U1-27
Added Net: Name=27
Added Pin To Net: NetName=GND Pin=SIP1-3
Added Pin To Net: NetName=GND Pin=SIP2-2
Added Pin To Net: NetName=GND Pin=SIP3-3
Added Pin To Net: NetName=GND Pin=U1-22
Added Net: Name=GND
Added Class: Name=Sheet1
Added Room: Name=Sheet1
