Change Component Designator: OldDesignator=3.3 NewDesignator=P13
Change Component Designator: OldDesignator=5.0 NewDesignator=P12
Change Component Designator: OldDesignator=GND NewDesignator=P14
Change Component Designator: OldDesignator=S1 NewDesignator=P7
Change Component Designator: OldDesignator=S2 NewDesignator=P8
Change Component Designator: OldDesignator=S3 NewDesignator=P9
Change Component Designator: OldDesignator=S4 NewDesignator=P10
Added Room: Name=Sheet1
Removed Pin From Net: NetName=PWM2 Pin=P1-7
Added Pin To Net: NetName=D29 Pin=P1-7
Removed Pin From Net: NetName=PWM1 Pin=P1-8
Added Pin To Net: NetName=D27 Pin=P1-8
Removed Pin From Net: NetName=D29 Pin=P1-9
Added Pin To Net: NetName=PWM2 Pin=P1-9
Removed Pin From Net: NetName=D27 Pin=P1-10
Added Pin To Net: NetName=PWM1 Pin=P1-10
Removed Pin From Net: NetName=PWM4 Pin=P2-7
Added Pin To Net: NetName=D37 Pin=P2-7
Removed Pin From Net: NetName=PWM3 Pin=P2-8
Added Pin To Net: NetName=D35 Pin=P2-8
Removed Pin From Net: NetName=D37 Pin=P2-9
Added Pin To Net: NetName=PWM4 Pin=P2-9
Removed Pin From Net: NetName=D35 Pin=P2-10
Added Pin To Net: NetName=PWM3 Pin=P2-10
Removed Pin From Net: NetName=PWM6 Pin=P3-7
Added Pin To Net: NetName=D45 Pin=P3-7
Removed Pin From Net: NetName=PWM5 Pin=P3-8
Added Pin To Net: NetName=D43 Pin=P3-8
Removed Pin From Net: NetName=D45 Pin=P3-9
Added Pin To Net: NetName=PWM6 Pin=P3-9
Removed Pin From Net: NetName=D43 Pin=P3-10
Added Pin To Net: NetName=PWM5 Pin=P3-10
Removed Pin From Net: NetName=PWM8 Pin=P4-7
Added Pin To Net: NetName=D53 Pin=P4-7
Removed Pin From Net: NetName=PWM7 Pin=P4-8
Added Pin To Net: NetName=D51 Pin=P4-8
Removed Pin From Net: NetName=D53 Pin=P4-9
Added Pin To Net: NetName=PWM8 Pin=P4-9
Removed Pin From Net: NetName=D51 Pin=P4-10
Added Pin To Net: NetName=PWM7 Pin=P4-10
