Change Component Designator: Old Designator=C3 New Designator=C4
Change Component Designator: Old Designator=C4 New Designator=C5
Change Component Designator: Old Designator=C5 New Designator=C6
Change Component Designator: Old Designator=C5 New Designator=C7
Change Component Designator: Old Designator=C6 New Designator=C8
Change Component Designator: Old Designator=C7 New Designator=C9
Change Component Designator: Old Designator=C8 New Designator=C10
Change Component Designator: Old Designator=C9 New Designator=C11
Change Component Designator: Old Designator=C10 New Designator=C12
Change Component Designator: Old Designator=C11 New Designator=C13
Change Component Designator: Old Designator=C? New Designator=C14
Change Component Designator: Old Designator=C? New Designator=C15
Change Component Designator: Old Designator=D5 New Designator=D6
Change Component Designator: Old Designator=D6 New Designator=D7
Change Component Designator: Old Designator=D7 New Designator=D8
Change Component Designator: Old Designator=D8 New Designator=D9
Change Component Designator: Old Designator=D? New Designator=D5
Change Component Designator: Old Designator=D? New Designator=D10
Change Component Designator: Old Designator=D? New Designator=D11
Change Component Designator: Old Designator=J? New Designator=J1
Change Component Designator: Old Designator=LED2 New Designator=LED3
Change Component Designator: Old Designator=LED3 New Designator=LED2
Change Component Designator: Old Designator=R8 New Designator=R11
Change Component Designator: Old Designator=R8 New Designator=R15
Change Component Designator: Old Designator=R8 New Designator=R16
Change Component Designator: Old Designator=R9 New Designator=R10
Change Component Designator: Old Designator=R9 New Designator=R12
Change Component Designator: Old Designator=R9 New Designator=R14
Change Component Designator: Old Designator=R9 New Designator=R17
Change Component Designator: Old Designator=R10 New Designator=R8
Change Component Designator: Old Designator=R10 New Designator=R9
Change Component Designator: Old Designator=R10 New Designator=R18
Change Component Designator: Old Designator=R11 New Designator=R13
Change Component Designator: Old Designator=R11 New Designator=R19
Change Component Designator: Old Designator=R12 New Designator=R20
Change Component Designator: Old Designator=R13 New Designator=R21
Change Component Designator: Old Designator=R14 New Designator=R22
Change Component Designator: Old Designator=R15 New Designator=R27
Change Component Designator: Old Designator=R15 New Designator=R30
Change Component Designator: Old Designator=R15 New Designator=R31
Change Component Designator: Old Designator=R16 New Designator=R25
Change Component Designator: Old Designator=R16 New Designator=R28
Change Component Designator: Old Designator=R16 New Designator=R29
Change Component Designator: Old Designator=R16 New Designator=R32
Change Component Designator: Old Designator=R17 New Designator=R23
Change Component Designator: Old Designator=R17 New Designator=R24
Change Component Designator: Old Designator=R17 New Designator=R26
Change Component Designator: Old Designator=R17 New Designator=R34
Change Component Designator: Old Designator=R18 New Designator=R33
Change Component Designator: Old Designator=U4 New Designator=U5
Change Component Designator: Old Designator=U5 New Designator=U6
Change Component Designator: Old Designator=U6 New Designator=U7
Change Component Designator: Old Designator=U6 New Designator=U7
Change Component Designator: Old Designator=U6 New Designator=U7
Change Component Designator: Old Designator=U6 New Designator=U7
Change Component Designator: Old Designator=U? New Designator=U4
Change Component Designator: Old Designator=U? New Designator=U4
Change Component Designator: Old Designator=U? New Designator=U8
