Added Component: Designator=C1(C0603)
Added Component: Designator=C2(C0603)
Added Component: Designator=C3(C0603)
Added Component: Designator=C4(C0603)
Added Component: Designator=C5(C0603)
Added Component: Designator=C6(C0603)
Added Component: Designator=C7(贴片铝电解电容（10）)
Added Component: Designator=C8(C0603)
Added Component: Designator=C9(C0603)
Added Component: Designator=C10(C0603)
Added Component: Designator=C11(C0603)
Added Component: Designator=C12(C0603)
Added Component: Designator=C13(C0603)
Added Component: Designator=C14(C0805)
Added Component: Designator=C15(C0805)
Added Component: Designator=C16(C0805)
Added Component: Designator=C17(R1206)
Added Component: Designator=C18(c0603)
Added Component: Designator=C19(c0603)
Added Component: Designator=C20(c0603)
Added Component: Designator=C21(c0603)
Added Component: Designator=D1(R0805)
Added Component: Designator=D2(R0805)
Added Component: Designator=D3(R0805)
Added Component: Designator=D4(R0805)
Added Component: Designator=D5(SOT-23-J)
Added Component: Designator=D6(R0805)
Added Component: Designator=D7(R0805)
Added Component: Designator=D8(R0805)
Added Component: Designator=D9(R0805)
Added Component: Designator=D10(SOT-23-J)
Added Component: Designator=D11(R0805)
Added Component: Designator=D12(R0805)
Added Component: Designator=J1(805-56P)
Added Component: Designator=L1(CD43)
Added Component: Designator=LED1(C0805)
Added Component: Designator=LED2(C0805)
Added Component: Designator=LED3(C0805)
Added Component: Designator=LED4(C0805)
Added Component: Designator=LED5(C0805)
Added Component: Designator=LED6(C0805)
Added Component: Designator=P1(KF301-2P)
Added Component: Designator=P2(KF301-2P)
Added Component: Designator=Q1(DPAK)
Added Component: Designator=Q2(DPAK)
Added Component: Designator=Q3(DPAK)
Added Component: Designator=Q4(DPAK)
Added Component: Designator=Q5(DPAK)
Added Component: Designator=Q6(DPAK)
Added Component: Designator=Q7(DPAK)
Added Component: Designator=Q8(DPAK)
Added Component: Designator=R1(R0603)
Added Component: Designator=R2(R0603)
Added Component: Designator=R3(R0603)
Added Component: Designator=R4(R0603)
Added Component: Designator=R5(R0603)
Added Component: Designator=R6(R0603)
Added Component: Designator=R7(R0603)
Added Component: Designator=R8(R0603)
Added Component: Designator=R9(R0603)
Added Component: Designator=R10(R0603)
Added Component: Designator=R11(R0603)
Added Component: Designator=R12(R0603)
Added Component: Designator=R13(R0603)
Added Component: Designator=R14(R0603)
Added Component: Designator=R15(R0603)
Added Component: Designator=R16(R0603)
Added Component: Designator=R17(R0603)
Added Component: Designator=R18(R0603)
Added Component: Designator=R19(R0603)
Added Component: Designator=R20(R0603)
Added Component: Designator=R21(R0603)
Added Component: Designator=R22(R0603)
Added Component: Designator=R23(R0603)
Added Component: Designator=R24(R0603)
Added Component: Designator=R25(R0603)
Added Component: Designator=R26(R0603)
Added Component: Designator=R27(R0603)
Added Component: Designator=R28(R0603)
Added Component: Designator=R29(R0603)
Added Component: Designator=R30(R0603)
Added Component: Designator=R31(R0603)
Added Component: Designator=R32(R0603)
Added Component: Designator=R33(R0603)
Added Component: Designator=R34(R0603)
Added Component: Designator=R35(R0603)
Added Component: Designator=R36(R0603)
Added Component: Designator=U1(SOIC8)
Added Component: Designator=U2(SOIC8)
Added Component: Designator=U3(SOP14-700)
Added Component: Designator=U4(DIP-8)
Added Component: Designator=U5(SOIC8)
Added Component: Designator=U6(SOIC8)
Added Component: Designator=U7(SOP14-700)
Added Component: Designator=U8(SOT223)
Added Component: Designator=U9(SOT-26)
Added Pin To Net: NetName=12V Pin=C17-2
Added Pin To Net: NetName=12V Pin=C18-2
Added Pin To Net: NetName=12V Pin=C19-2
Added Pin To Net: NetName=12V Pin=C20-2
Added Pin To Net: NetName=12V Pin=C21-2
Added Pin To Net: NetName=12V Pin=D12-2
Added Pin To Net: NetName=12V Pin=R36-2
Added Pin To Net: NetName=12V Pin=U1-3
Added Pin To Net: NetName=12V Pin=U2-3
Added Pin To Net: NetName=12V Pin=U5-3
Added Pin To Net: NetName=12V Pin=U6-3
Added Net: Name=12V
Added Pin To Net: NetName=24V Pin=C7-1
Added Pin To Net: NetName=24V Pin=C8-1
Added Pin To Net: NetName=24V Pin=C9-1
Added Pin To Net: NetName=24V Pin=C10-1
Added Pin To Net: NetName=24V Pin=C11-1
Added Pin To Net: NetName=24V Pin=J1-A10
Added Pin To Net: NetName=24V Pin=J1-A11
Added Pin To Net: NetName=24V Pin=J1-A12
Added Pin To Net: NetName=24V Pin=J1-A13
Added Pin To Net: NetName=24V Pin=J1-A14
Added Pin To Net: NetName=24V Pin=J1-B10
Added Pin To Net: NetName=24V Pin=J1-B11
Added Pin To Net: NetName=24V Pin=J1-B12
Added Pin To Net: NetName=24V Pin=J1-B13
Added Pin To Net: NetName=24V Pin=J1-B14
Added Pin To Net: NetName=24V Pin=Q1-2
Added Pin To Net: NetName=24V Pin=Q2-2
Added Pin To Net: NetName=24V Pin=Q5-2
Added Pin To Net: NetName=24V Pin=Q6-2
Added Pin To Net: NetName=24V Pin=R31-1
Added Net: Name=24V
Added Pin To Net: NetName=CFB_1 Pin=D5-2
Added Pin To Net: NetName=CFB_1 Pin=J1-B2
Added Pin To Net: NetName=CFB_1 Pin=R10-2
Added Net: Name=CFB_1
Added Pin To Net: NetName=CFB_2 Pin=D10-2
Added Pin To Net: NetName=CFB_2 Pin=J1-B4
Added Pin To Net: NetName=CFB_2 Pin=R25-1
Added Net: Name=CFB_2
Added Pin To Net: NetName=GND Pin=C3-1
Added Pin To Net: NetName=GND Pin=C6-1
Added Pin To Net: NetName=GND Pin=C7-2
Added Pin To Net: NetName=GND Pin=C8-2
Added Pin To Net: NetName=GND Pin=C9-2
Added Pin To Net: NetName=GND Pin=C10-2
Added Pin To Net: NetName=GND Pin=C11-2
Added Pin To Net: NetName=GND Pin=C12-2
Added Pin To Net: NetName=GND Pin=C13-2
Added Pin To Net: NetName=GND Pin=C16-2
Added Pin To Net: NetName=GND Pin=C17-1
Added Pin To Net: NetName=GND Pin=C18-1
Added Pin To Net: NetName=GND Pin=C19-1
Added Pin To Net: NetName=GND Pin=C20-1
Added Pin To Net: NetName=GND Pin=C21-1
Added Pin To Net: NetName=GND Pin=D5-3
Added Pin To Net: NetName=GND Pin=D10-3
Added Pin To Net: NetName=GND Pin=J1-A5
Added Pin To Net: NetName=GND Pin=J1-A6
Added Pin To Net: NetName=GND Pin=J1-A7
Added Pin To Net: NetName=GND Pin=J1-A8
Added Pin To Net: NetName=GND Pin=J1-A9
Added Pin To Net: NetName=GND Pin=J1-A15
Added Pin To Net: NetName=GND Pin=J1-B5
Added Pin To Net: NetName=GND Pin=J1-B6
Added Pin To Net: NetName=GND Pin=J1-B7
Added Pin To Net: NetName=GND Pin=J1-B8
Added Pin To Net: NetName=GND Pin=J1-B9
Added Pin To Net: NetName=GND Pin=J1-B15
Added Pin To Net: NetName=GND Pin=LED2-2
Added Pin To Net: NetName=GND Pin=LED6-2
Added Pin To Net: NetName=GND Pin=R3-2
Added Pin To Net: NetName=GND Pin=R4-2
Added Pin To Net: NetName=GND Pin=R5-2
Added Pin To Net: NetName=GND Pin=R11-2
Added Pin To Net: NetName=GND Pin=R12-2
Added Pin To Net: NetName=GND Pin=R13-2
Added Pin To Net: NetName=GND Pin=R18-2
Added Pin To Net: NetName=GND Pin=R19-2
Added Pin To Net: NetName=GND Pin=R20-2
Added Pin To Net: NetName=GND Pin=R26-2
Added Pin To Net: NetName=GND Pin=R27-2
Added Pin To Net: NetName=GND Pin=R28-2
Added Pin To Net: NetName=GND Pin=R35-2
Added Pin To Net: NetName=GND Pin=U1-4
Added Pin To Net: NetName=GND Pin=U2-4
Added Pin To Net: NetName=GND Pin=U4-4
Added Pin To Net: NetName=GND Pin=U5-4
Added Pin To Net: NetName=GND Pin=U6-4
Added Pin To Net: NetName=GND Pin=U9-2
Added Net: Name=GND
Added Pin To Net: NetName=IN1A Pin=J1-A1
Added Pin To Net: NetName=IN1A Pin=R4-1
Added Pin To Net: NetName=IN1A Pin=U3-1
Added Net: Name=IN1A
Added Pin To Net: NetName=IN1B Pin=J1-A2
Added Pin To Net: NetName=IN1B Pin=R3-1
Added Pin To Net: NetName=IN1B Pin=U3-5
Added Net: Name=IN1B
Added Pin To Net: NetName=IN2A Pin=J1-A3
Added Pin To Net: NetName=IN2A Pin=R19-1
Added Pin To Net: NetName=IN2A Pin=U7-1
Added Net: Name=IN2A
Added Pin To Net: NetName=IN2B Pin=J1-A4
Added Pin To Net: NetName=IN2B Pin=R18-1
Added Pin To Net: NetName=IN2B Pin=U7-5
Added Net: Name=IN2B
Added Pin To Net: NetName=NetC1_1 Pin=C1-1
Added Pin To Net: NetName=NetC1_1 Pin=U1-8
Added Net: Name=NetC1_1
Added Pin To Net: NetName=NetC2_2 Pin=C2-2
Added Pin To Net: NetName=NetC2_2 Pin=U2-8
Added Net: Name=NetC2_2
Added Pin To Net: NetName=NetC3_2 Pin=C3-2
Added Pin To Net: NetName=NetC3_2 Pin=R9-1
Added Pin To Net: NetName=NetC3_2 Pin=R13-1
Added Pin To Net: NetName=NetC3_2 Pin=U4-3
Added Net: Name=NetC3_2
Added Pin To Net: NetName=NetC4_1 Pin=C4-1
Added Pin To Net: NetName=NetC4_1 Pin=U5-8
Added Net: Name=NetC4_1
Added Pin To Net: NetName=NetC5_2 Pin=C5-2
Added Pin To Net: NetName=NetC5_2 Pin=U6-8
Added Net: Name=NetC5_2
Added Pin To Net: NetName=NetC6_2 Pin=C6-2
Added Pin To Net: NetName=NetC6_2 Pin=R23-2
Added Pin To Net: NetName=NetC6_2 Pin=R26-1
Added Pin To Net: NetName=NetC6_2 Pin=U4-5
Added Net: Name=NetC6_2
Added Pin To Net: NetName=NetC14_2 Pin=C14-2
Added Pin To Net: NetName=NetC14_2 Pin=C15-2
Added Pin To Net: NetName=NetC14_2 Pin=U8-1
Added Net: Name=NetC14_2
Added Pin To Net: NetName=NetC15_1 Pin=C15-1
Added Pin To Net: NetName=NetC15_1 Pin=D11-1
Added Pin To Net: NetName=NetC15_1 Pin=U8-2
Added Pin To Net: NetName=NetC15_1 Pin=U8-4
Added Net: Name=NetC15_1
Added Pin To Net: NetName=NetD1_1 Pin=D1-1
Added Pin To Net: NetName=NetD1_1 Pin=Q1-1
Added Pin To Net: NetName=NetD1_1 Pin=R1-1
Added Net: Name=NetD1_1
Added Pin To Net: NetName=NetD1_2 Pin=D1-2
Added Pin To Net: NetName=NetD1_2 Pin=R1-2
Added Pin To Net: NetName=NetD1_2 Pin=U1-7
Added Net: Name=NetD1_2
Added Pin To Net: NetName=NetD2_1 Pin=D2-1
Added Pin To Net: NetName=NetD2_1 Pin=Q2-1
Added Pin To Net: NetName=NetD2_1 Pin=R2-2
Added Net: Name=NetD2_1
Added Pin To Net: NetName=NetD2_2 Pin=D2-2
Added Pin To Net: NetName=NetD2_2 Pin=R2-1
Added Pin To Net: NetName=NetD2_2 Pin=U2-7
Added Net: Name=NetD2_2
Added Pin To Net: NetName=NetD3_1 Pin=D3-1
Added Pin To Net: NetName=NetD3_1 Pin=Q3-1
Added Pin To Net: NetName=NetD3_1 Pin=R6-1
Added Net: Name=NetD3_1
Added Pin To Net: NetName=NetD3_2 Pin=D3-2
Added Pin To Net: NetName=NetD3_2 Pin=R6-2
Added Pin To Net: NetName=NetD3_2 Pin=U1-5
Added Net: Name=NetD3_2
Added Pin To Net: NetName=NetD4_1 Pin=D4-1
Added Pin To Net: NetName=NetD4_1 Pin=Q4-1
Added Pin To Net: NetName=NetD4_1 Pin=R7-2
Added Net: Name=NetD4_1
Added Pin To Net: NetName=NetD4_2 Pin=D4-2
Added Pin To Net: NetName=NetD4_2 Pin=R7-1
Added Pin To Net: NetName=NetD4_2 Pin=U2-5
Added Net: Name=NetD4_2
Added Pin To Net: NetName=NetD5_1 Pin=D5-1
Added Pin To Net: NetName=NetD5_1 Pin=R8-1
Added Pin To Net: NetName=NetD5_1 Pin=R14-2
Added Net: Name=NetD5_1
Added Pin To Net: NetName=NetD6_1 Pin=D6-1
Added Pin To Net: NetName=NetD6_1 Pin=Q5-1
Added Pin To Net: NetName=NetD6_1 Pin=R16-1
Added Net: Name=NetD6_1
Added Pin To Net: NetName=NetD6_2 Pin=D6-2
Added Pin To Net: NetName=NetD6_2 Pin=R16-2
Added Pin To Net: NetName=NetD6_2 Pin=U5-7
Added Net: Name=NetD6_2
Added Pin To Net: NetName=NetD7_1 Pin=D7-1
Added Pin To Net: NetName=NetD7_1 Pin=Q6-1
Added Pin To Net: NetName=NetD7_1 Pin=R17-2
Added Net: Name=NetD7_1
Added Pin To Net: NetName=NetD7_2 Pin=D7-2
Added Pin To Net: NetName=NetD7_2 Pin=R17-1
Added Pin To Net: NetName=NetD7_2 Pin=U6-7
Added Net: Name=NetD7_2
Added Pin To Net: NetName=NetD8_1 Pin=D8-1
Added Pin To Net: NetName=NetD8_1 Pin=Q7-1
Added Pin To Net: NetName=NetD8_1 Pin=R21-1
Added Net: Name=NetD8_1
Added Pin To Net: NetName=NetD8_2 Pin=D8-2
Added Pin To Net: NetName=NetD8_2 Pin=R21-2
Added Pin To Net: NetName=NetD8_2 Pin=U5-5
Added Net: Name=NetD8_2
Added Pin To Net: NetName=NetD9_1 Pin=D9-1
Added Pin To Net: NetName=NetD9_1 Pin=Q8-1
Added Pin To Net: NetName=NetD9_1 Pin=R22-2
Added Net: Name=NetD9_1
Added Pin To Net: NetName=NetD9_2 Pin=D9-2
Added Pin To Net: NetName=NetD9_2 Pin=R22-1
Added Pin To Net: NetName=NetD9_2 Pin=U6-5
Added Net: Name=NetD9_2
Added Pin To Net: NetName=NetD10_1 Pin=D10-1
Added Pin To Net: NetName=NetD10_1 Pin=R24-1
Added Pin To Net: NetName=NetD10_1 Pin=R29-2
Added Net: Name=NetD10_1
Added Pin To Net: NetName=NetD12_1 Pin=D12-1
Added Pin To Net: NetName=NetD12_1 Pin=L1-2
Added Pin To Net: NetName=NetD12_1 Pin=U9-1
Added Net: Name=NetD12_1
Added Pin To Net: NetName=NetLED1_1 Pin=LED1-1
Added Pin To Net: NetName=NetLED1_1 Pin=LED3-2
Added Pin To Net: NetName=NetLED1_1 Pin=R32-2
Added Net: Name=NetLED1_1
Added Pin To Net: NetName=NetLED2_1 Pin=LED2-1
Added Pin To Net: NetName=NetLED2_1 Pin=R31-2
Added Net: Name=NetLED2_1
Added Pin To Net: NetName=NetLED4_1 Pin=LED4-1
Added Pin To Net: NetName=NetLED4_1 Pin=LED5-2
Added Pin To Net: NetName=NetLED4_1 Pin=R33-1
Added Net: Name=NetLED4_1
Added Pin To Net: NetName=NetLED6_1 Pin=LED6-1
Added Pin To Net: NetName=NetLED6_1 Pin=R34-2
Added Net: Name=NetLED6_1
Added Pin To Net: NetName=NetQ3_3 Pin=Q3-3
Added Pin To Net: NetName=NetQ3_3 Pin=Q4-3
Added Pin To Net: NetName=NetQ3_3 Pin=R8-2
Added Pin To Net: NetName=NetQ3_3 Pin=R11-1
Added Pin To Net: NetName=NetQ3_3 Pin=R12-1
Added Net: Name=NetQ3_3
Added Pin To Net: NetName=NetQ7_3 Pin=Q7-3
Added Pin To Net: NetName=NetQ7_3 Pin=Q8-3
Added Pin To Net: NetName=NetQ7_3 Pin=R24-2
Added Pin To Net: NetName=NetQ7_3 Pin=R27-1
Added Pin To Net: NetName=NetQ7_3 Pin=R28-1
Added Net: Name=NetQ7_3
Added Pin To Net: NetName=NetR10_1 Pin=R10-1
Added Pin To Net: NetName=NetR10_1 Pin=R15-2
Added Pin To Net: NetName=NetR10_1 Pin=U4-1
Added Net: Name=NetR10_1
Added Pin To Net: NetName=NetR14_1 Pin=R14-1
Added Pin To Net: NetName=NetR14_1 Pin=R15-1
Added Pin To Net: NetName=NetR14_1 Pin=U4-2
Added Net: Name=NetR14_1
Added Pin To Net: NetName=NetR25_2 Pin=R25-2
Added Pin To Net: NetName=NetR25_2 Pin=R30-1
Added Pin To Net: NetName=NetR25_2 Pin=U4-7
Added Net: Name=NetR25_2
Added Pin To Net: NetName=NetR29_1 Pin=R29-1
Added Pin To Net: NetName=NetR29_1 Pin=R30-2
Added Pin To Net: NetName=NetR29_1 Pin=U4-6
Added Net: Name=NetR29_1
Added Pin To Net: NetName=NetR35_1 Pin=R35-1
Added Pin To Net: NetName=NetR35_1 Pin=R36-1
Added Pin To Net: NetName=NetR35_1 Pin=U9-3
Added Net: Name=NetR35_1
Added Pin To Net: NetName=NetU1_1 Pin=U1-1
Added Pin To Net: NetName=NetU1_1 Pin=U3-3
Added Pin To Net: NetName=NetU1_1 Pin=U3-12
Added Pin To Net: NetName=NetU1_1 Pin=U3-13
Added Net: Name=NetU1_1
Added Pin To Net: NetName=NetU1_2 Pin=U1-2
Added Pin To Net: NetName=NetU1_2 Pin=U3-11
Added Net: Name=NetU1_2
Added Pin To Net: NetName=NetU2_1 Pin=U2-1
Added Pin To Net: NetName=NetU2_1 Pin=U3-6
Added Pin To Net: NetName=NetU2_1 Pin=U3-9
Added Pin To Net: NetName=NetU2_1 Pin=U3-10
Added Net: Name=NetU2_1
Added Pin To Net: NetName=NetU2_2 Pin=U2-2
Added Pin To Net: NetName=NetU2_2 Pin=U3-8
Added Net: Name=NetU2_2
Added Pin To Net: NetName=NetU5_1 Pin=U5-1
Added Pin To Net: NetName=NetU5_1 Pin=U7-3
Added Pin To Net: NetName=NetU5_1 Pin=U7-12
Added Pin To Net: NetName=NetU5_1 Pin=U7-13
Added Net: Name=NetU5_1
Added Pin To Net: NetName=NetU5_2 Pin=U5-2
Added Pin To Net: NetName=NetU5_2 Pin=U7-11
Added Net: Name=NetU5_2
Added Pin To Net: NetName=NetU6_1 Pin=U6-1
Added Pin To Net: NetName=NetU6_1 Pin=U7-6
Added Pin To Net: NetName=NetU6_1 Pin=U7-9
Added Pin To Net: NetName=NetU6_1 Pin=U7-10
Added Net: Name=NetU6_1
Added Pin To Net: NetName=NetU6_2 Pin=U6-2
Added Pin To Net: NetName=NetU6_2 Pin=U7-8
Added Net: Name=NetU6_2
Added Pin To Net: NetName=OUT1A Pin=C1-2
Added Pin To Net: NetName=OUT1A Pin=J1-A17
Added Pin To Net: NetName=OUT1A Pin=J1-A18
Added Pin To Net: NetName=OUT1A Pin=J1-A19
Added Pin To Net: NetName=OUT1A Pin=J1-B17
Added Pin To Net: NetName=OUT1A Pin=J1-B18
Added Pin To Net: NetName=OUT1A Pin=J1-B19
Added Pin To Net: NetName=OUT1A Pin=P1-1
Added Pin To Net: NetName=OUT1A Pin=Q1-3
Added Pin To Net: NetName=OUT1A Pin=Q3-2
Added Pin To Net: NetName=OUT1A Pin=R32-1
Added Pin To Net: NetName=OUT1A Pin=U1-6
Added Net: Name=OUT1A
Added Pin To Net: NetName=OUT1B Pin=C2-1
Added Pin To Net: NetName=OUT1B Pin=J1-A20
Added Pin To Net: NetName=OUT1B Pin=J1-A21
Added Pin To Net: NetName=OUT1B Pin=J1-A22
Added Pin To Net: NetName=OUT1B Pin=J1-B20
Added Pin To Net: NetName=OUT1B Pin=J1-B21
Added Pin To Net: NetName=OUT1B Pin=J1-B22
Added Pin To Net: NetName=OUT1B Pin=LED1-2
Added Pin To Net: NetName=OUT1B Pin=LED3-1
Added Pin To Net: NetName=OUT1B Pin=P1-2
Added Pin To Net: NetName=OUT1B Pin=Q2-3
Added Pin To Net: NetName=OUT1B Pin=Q4-2
Added Pin To Net: NetName=OUT1B Pin=U2-6
Added Net: Name=OUT1B
Added Pin To Net: NetName=OUT2A Pin=C4-2
Added Pin To Net: NetName=OUT2A Pin=J1-A23
Added Pin To Net: NetName=OUT2A Pin=J1-A24
Added Pin To Net: NetName=OUT2A Pin=J1-A25
Added Pin To Net: NetName=OUT2A Pin=J1-B23
Added Pin To Net: NetName=OUT2A Pin=J1-B24
Added Pin To Net: NetName=OUT2A Pin=J1-B25
Added Pin To Net: NetName=OUT2A Pin=P2-1
Added Pin To Net: NetName=OUT2A Pin=Q5-3
Added Pin To Net: NetName=OUT2A Pin=Q7-2
Added Pin To Net: NetName=OUT2A Pin=R33-2
Added Pin To Net: NetName=OUT2A Pin=U5-6
Added Net: Name=OUT2A
Added Pin To Net: NetName=OUT2B Pin=C5-1
Added Pin To Net: NetName=OUT2B Pin=J1-A26
Added Pin To Net: NetName=OUT2B Pin=J1-A27
Added Pin To Net: NetName=OUT2B Pin=J1-A28
Added Pin To Net: NetName=OUT2B Pin=J1-B26
Added Pin To Net: NetName=OUT2B Pin=J1-B27
Added Pin To Net: NetName=OUT2B Pin=J1-B28
Added Pin To Net: NetName=OUT2B Pin=LED4-2
Added Pin To Net: NetName=OUT2B Pin=LED5-1
Added Pin To Net: NetName=OUT2B Pin=P2-2
Added Pin To Net: NetName=OUT2B Pin=Q6-3
Added Pin To Net: NetName=OUT2B Pin=Q8-2
Added Pin To Net: NetName=OUT2B Pin=U6-6
Added Net: Name=OUT2B
Added Pin To Net: NetName=SD1 Pin=J1-B1
Added Pin To Net: NetName=SD1 Pin=R5-1
Added Pin To Net: NetName=SD1 Pin=U3-2
Added Net: Name=SD1
Added Pin To Net: NetName=SD2 Pin=J1-B3
Added Pin To Net: NetName=SD2 Pin=R20-1
Added Pin To Net: NetName=SD2 Pin=U3-4
Added Pin To Net: NetName=SD2 Pin=U7-2
Added Pin To Net: NetName=SD2 Pin=U7-4
Added Net: Name=SD2
Added Pin To Net: NetName=VCC Pin=C12-1
Added Pin To Net: NetName=VCC Pin=C13-1
Added Pin To Net: NetName=VCC Pin=C14-1
Added Pin To Net: NetName=VCC Pin=C16-1
Added Pin To Net: NetName=VCC Pin=J1-A16
Added Pin To Net: NetName=VCC Pin=J1-B16
Added Pin To Net: NetName=VCC Pin=L1-1
Added Pin To Net: NetName=VCC Pin=R34-1
Added Pin To Net: NetName=VCC Pin=U4-8
Added Pin To Net: NetName=VCC Pin=U8-3
Added Pin To Net: NetName=VCC Pin=U9-4
Added Pin To Net: NetName=VCC Pin=U9-5
Added Net: Name=VCC
Added Pin To Net: NetName=VREF Pin=D11-2
Added Pin To Net: NetName=VREF Pin=R9-2
Added Pin To Net: NetName=VREF Pin=R23-1
Added Net: Name=VREF
Added Class: Name=MOS管电机驱动电路
Added Class: Name=SX1308升压电路
