Removed Pin From Net: NetName=VCC Pin=J?-A1
Removed Pin From Net: NetName=SD1 Pin=J?-A2
Removed Pin From Net: NetName=IN2A Pin=J?-A3
Removed Pin From Net: NetName=IN2B Pin=J?-A4
Removed Pin From Net: NetName=GND Pin=J?-A7
Removed Pin From Net: NetName=24V Pin=J?-A8
Removed Pin From Net: NetName=24V Pin=J?-A9
Removed Pin From Net: NetName=24V Pin=J?-A10
Removed Pin From Net: NetName=IN1A Pin=J?-B1
Removed Pin From Net: NetName=IN1B Pin=J?-B2
Removed Pin From Net: NetName=SD2 Pin=J?-B3
Removed Pin From Net: NetName=GND Pin=J?-B7
Removed Pin From Net: NetName=24V Pin=J?-B8
Removed Pin From Net: NetName=24V Pin=J?-B9
Removed Pin From Net: NetName=24V Pin=J?-B10
Added Pin To Net: NetName=24V Pin=J?-A1
Added Pin To Net: NetName=24V Pin=J?-A2
Added Pin To Net: NetName=24V Pin=J?-A3
Added Pin To Net: NetName=GND Pin=J?-A4
Added Pin To Net: NetName=VCC Pin=J?-A7
Added Pin To Net: NetName=IN1A Pin=J?-A8
Added Pin To Net: NetName=IN1B Pin=J?-A9
Added Pin To Net: NetName=SD2 Pin=J?-A10
Added Pin To Net: NetName=24V Pin=J?-B1
Added Pin To Net: NetName=24V Pin=J?-B2
Added Pin To Net: NetName=24V Pin=J?-B3
Added Pin To Net: NetName=SD1 Pin=J?-B8
Added Pin To Net: NetName=IN2A Pin=J?-B9
Added Pin To Net: NetName=IN2B Pin=J?-B10
Added Room: Name=MOS管电机驱动电路
