Added Component: Designator=J1(805-56P)
Added Pin To Net: NetName=IN1A Pin=J1-A1
Added Pin To Net: NetName=IN1B Pin=J1-A2
Added Pin To Net: NetName=IN2A Pin=J1-A3
Added Pin To Net: NetName=IN2B Pin=J1-A4
Added Pin To Net: NetName=GND Pin=J1-A5
Added Pin To Net: NetName=GND Pin=J1-A6
Added Pin To Net: NetName=GND Pin=J1-A7
Added Pin To Net: NetName=GND Pin=J1-A8
Added Pin To Net: NetName=GND Pin=J1-A9
Added Pin To Net: NetName=24V Pin=J1-A10
Added Pin To Net: NetName=24V Pin=J1-A11
Added Pin To Net: NetName=24V Pin=J1-A12
Added Pin To Net: NetName=24V Pin=J1-A13
Added Pin To Net: NetName=24V Pin=J1-A14
Added Pin To Net: NetName=GND Pin=J1-A15
Added Pin To Net: NetName=VCC Pin=J1-A16
Added Pin To Net: NetName=OUT1A Pin=J1-A17
Added Pin To Net: NetName=OUT1A Pin=J1-A18
Added Pin To Net: NetName=OUT1A Pin=J1-A19
Added Pin To Net: NetName=OUT1B Pin=J1-A20
Added Pin To Net: NetName=OUT1B Pin=J1-A21
Added Pin To Net: NetName=OUT1B Pin=J1-A22
Added Pin To Net: NetName=OUT2A Pin=J1-A23
Added Pin To Net: NetName=OUT2A Pin=J1-A24
Added Pin To Net: NetName=OUT2A Pin=J1-A25
Added Pin To Net: NetName=OUT2B Pin=J1-A26
Added Pin To Net: NetName=OUT2B Pin=J1-A27
Added Pin To Net: NetName=OUT2B Pin=J1-A28
Added Pin To Net: NetName=SD1 Pin=J1-B1
Added Pin To Net: NetName=CFB_1 Pin=J1-B2
Added Pin To Net: NetName=SD2 Pin=J1-B3
Added Pin To Net: NetName=CFB_2 Pin=J1-B4
Added Pin To Net: NetName=GND Pin=J1-B5
Added Pin To Net: NetName=GND Pin=J1-B6
Added Pin To Net: NetName=GND Pin=J1-B7
Added Pin To Net: NetName=GND Pin=J1-B8
Added Pin To Net: NetName=GND Pin=J1-B9
Added Pin To Net: NetName=24V Pin=J1-B10
Added Pin To Net: NetName=24V Pin=J1-B11
Added Pin To Net: NetName=24V Pin=J1-B12
Added Pin To Net: NetName=24V Pin=J1-B13
Added Pin To Net: NetName=24V Pin=J1-B14
Added Pin To Net: NetName=GND Pin=J1-B15
Added Pin To Net: NetName=VCC Pin=J1-B16
Added Pin To Net: NetName=OUT1A Pin=J1-B17
Added Pin To Net: NetName=OUT1A Pin=J1-B18
Added Pin To Net: NetName=OUT1A Pin=J1-B19
Added Pin To Net: NetName=OUT1B Pin=J1-B20
Added Pin To Net: NetName=OUT1B Pin=J1-B21
Added Pin To Net: NetName=OUT1B Pin=J1-B22
Added Pin To Net: NetName=OUT2A Pin=J1-B23
Added Pin To Net: NetName=OUT2A Pin=J1-B24
Added Pin To Net: NetName=OUT2A Pin=J1-B25
Added Pin To Net: NetName=OUT2B Pin=J1-B26
Added Pin To Net: NetName=OUT2B Pin=J1-B27
Added Pin To Net: NetName=OUT2B Pin=J1-B28
Added Member To Class: ClassName=MOS管电机驱动电路 Member=Component J1 805-56P
