Change Component Footprint: Designator=C7 Old Footprint=贴片铝电解电容（10） New Footprint=CAP 2200uf
Added Component: Designator=C16(C0805)
Added Component: Designator=C17(R1206)
Added Component: Designator=D12(R0805)
Added Component: Designator=L1(CD43)
Added Component: Designator=LED6(R0603)
Added Component: Designator=R34(R0603)
Added Component: Designator=R35(R0603)
Added Component: Designator=R36(R0603)
Added Component: Designator=U9(SOT-26)
Added Pin To Net: NetName=24V Pin=C9-1
Added Pin To Net: NetName=GND Pin=C9-2
Added Pin To Net: NetName=24V Pin=C10-1
Added Pin To Net: NetName=GND Pin=C10-2
Added Pin To Net: NetName=VCC Pin=C16-1
Added Pin To Net: NetName=GND Pin=C16-2
Added Pin To Net: NetName=GND Pin=C17-1
Added Pin To Net: NetName=12V Pin=C17-2
Added Pin To Net: NetName=NetD12_1 Pin=D12-1
Added Pin To Net: NetName=12V Pin=D12-2
Added Pin To Net: NetName=VCC Pin=L1-1
Added Pin To Net: NetName=NetD12_1 Pin=L1-2
Added Pin To Net: NetName=NetLED6_1 Pin=LED6-1
Added Pin To Net: NetName=GND Pin=LED6-2
Added Pin To Net: NetName=NetD6_1 Pin=Q5-1
Added Pin To Net: NetName=24V Pin=Q5-2
Added Pin To Net: NetName=OUT2A Pin=Q5-3
Added Pin To Net: NetName=NetD7_1 Pin=Q6-1
Added Pin To Net: NetName=24V Pin=Q6-2
Added Pin To Net: NetName=OUT2B Pin=Q6-3
Added Pin To Net: NetName=NetD8_1 Pin=Q7-1
Added Pin To Net: NetName=OUT2A Pin=Q7-2
Added Pin To Net: NetName=GND Pin=Q7-3
Added Pin To Net: NetName=NetD9_1 Pin=Q8-1
Added Pin To Net: NetName=OUT2B Pin=Q8-2
Added Pin To Net: NetName=GND Pin=Q8-3
Added Pin To Net: NetName=VCC Pin=R34-1
Added Pin To Net: NetName=NetLED6_1 Pin=R34-2
Added Pin To Net: NetName=NetR35_1 Pin=R35-1
Added Pin To Net: NetName=GND Pin=R35-2
Added Pin To Net: NetName=NetR35_1 Pin=R36-1
Added Pin To Net: NetName=12V Pin=R36-2
Added Pin To Net: NetName=NetD12_1 Pin=U9-1
Added Pin To Net: NetName=GND Pin=U9-2
Added Pin To Net: NetName=NetR35_1 Pin=U9-3
Added Pin To Net: NetName=VCC Pin=U9-4
Added Pin To Net: NetName=VCC Pin=U9-5
Added Member To Class: ClassName=MOS管电机驱动电路 Member=Component C9 104
Added Member To Class: ClassName=MOS管电机驱动电路 Member=Component C10 104
Added Member To Class: ClassName=SX1308升压电路 Member=Component C16 10μ
Added Member To Class: ClassName=SX1308升压电路 Member=Component C17 47uF
Added Member To Class: ClassName=SX1308升压电路 Member=Component D12 1N4007
Added Member To Class: ClassName=SX1308升压电路 Member=Component L1 Inductor
Added Member To Class: ClassName=MOS管电机驱动电路 Member=Component LED6 LED
Added Member To Class: ClassName=MOS管电机驱动电路 Member=Component Q5 IRF3205
Added Member To Class: ClassName=MOS管电机驱动电路 Member=Component Q6 IRF3205
Added Member To Class: ClassName=MOS管电机驱动电路 Member=Component Q7 IRF3205
Added Member To Class: ClassName=MOS管电机驱动电路 Member=Component Q8 IRF3205
Added Member To Class: ClassName=MOS管电机驱动电路 Member=Component R34 Res2
Added Member To Class: ClassName=SX1308升压电路 Member=Component R35 Res2
Added Member To Class: ClassName=SX1308升压电路 Member=Component R36 Res2
Added Member To Class: ClassName=SX1308升压电路 Member=Component U9 SX1308
Added Room: Name=MOS管电机驱动电路
