Removed Pin From Net: NetName=IN1A Pin=J1-A1
Removed Pin From Net: NetName=IN1B Pin=J1-A2
Removed Pin From Net: NetName=IN2A Pin=J1-A3
Removed Pin From Net: NetName=IN2B Pin=J1-A4
Removed Pin From Net: NetName=GND Pin=J1-A5
Removed Pin From Net: NetName=VCC Pin=J1-A6
Removed Pin From Net: NetName=SD1 Pin=J1-B1
Removed Pin From Net: NetName=CFB_1 Pin=J1-B2
Removed Pin From Net: NetName=SD2 Pin=J1-B3
Removed Pin From Net: NetName=CFB_2 Pin=J1-B4
Removed Pin From Net: NetName=GND Pin=J1-B5
Removed Pin From Net: NetName=VCC Pin=J1-B6
Added Pin To Net: NetName=VCC Pin=J1-A1
Added Pin To Net: NetName=GND Pin=J1-A2
Added Pin To Net: NetName=IN1A Pin=J1-A3
Added Pin To Net: NetName=IN1B Pin=J1-A4
Added Pin To Net: NetName=IN2A Pin=J1-A5
Added Pin To Net: NetName=IN2B Pin=J1-A6
Added Pin To Net: NetName=VCC Pin=J1-B1
Added Pin To Net: NetName=GND Pin=J1-B2
Added Pin To Net: NetName=SD1 Pin=J1-B3
Added Pin To Net: NetName=CFB_1 Pin=J1-B4
Added Pin To Net: NetName=SD2 Pin=J1-B5
Added Pin To Net: NetName=CFB_2 Pin=J1-B6
