Removed Pin From Net: NetName=GND Pin=J1-A6
Removed Pin From Net: NetName=24V Pin=J1-A10
Removed Pin From Net: NetName=24V Pin=J1-A11
Removed Pin From Net: NetName=GND Pin=J1-A15
Removed Pin From Net: NetName=VCC Pin=J1-A16
Removed Pin From Net: NetName=GND Pin=J1-B6
Removed Pin From Net: NetName=24V Pin=J1-B10
Removed Pin From Net: NetName=24V Pin=J1-B11
Removed Pin From Net: NetName=GND Pin=J1-B15
Removed Pin From Net: NetName=VCC Pin=J1-B16
Added Pin To Net: NetName=VCC Pin=J1-A6
Added Pin To Net: NetName=GND Pin=J1-A10
Added Pin To Net: NetName=GND Pin=J1-A11
Added Pin To Net: NetName=24V Pin=J1-A15
Added Pin To Net: NetName=24V Pin=J1-A16
Added Pin To Net: NetName=VCC Pin=J1-B6
Added Pin To Net: NetName=GND Pin=J1-B10
Added Pin To Net: NetName=GND Pin=J1-B11
Added Pin To Net: NetName=24V Pin=J1-B15
Added Pin To Net: NetName=24V Pin=J1-B16
