Removed Pin From Net: NetName=GND Pin=C3-1
Removed Pin From Net: NetName=GND Pin=C6-1
Removed Pin From Net: NetName=VCC Pin=C14-1
Removed Pin From Net: NetName=GND Pin=C14-2
Removed Pin From Net: NetName=GND Pin=C15-2
Removed Pin From Net: NetName=GND Pin=C19-1
Removed Pin From Net: NetName=GND Pin=C20-1
Removed Pin From Net: NetName=VCC Pin=J1-A1
Removed Pin From Net: NetName=GND Pin=J1-A2
Removed Pin From Net: NetName=IN1A Pin=J1-A3
Removed Pin From Net: NetName=IN1B Pin=J1-A4
Removed Pin From Net: NetName=IN2A Pin=J1-A5
Removed Pin From Net: NetName=IN2B Pin=J1-A6
Removed Pin From Net: NetName=GND Pin=J1-A7
Removed Pin From Net: NetName=GND Pin=J1-A8
Removed Pin From Net: NetName=GND Pin=J1-A9
Removed Pin From Net: NetName=GND Pin=J1-A10
Removed Pin From Net: NetName=GND Pin=J1-A11
Removed Pin From Net: NetName=24V Pin=J1-A12
Removed Pin From Net: NetName=24V Pin=J1-A13
Removed Pin From Net: NetName=24V Pin=J1-A14
Removed Pin From Net: NetName=24V Pin=J1-A15
Removed Pin From Net: NetName=24V Pin=J1-A16
Removed Pin From Net: NetName=OUT1A Pin=J1-A17
Removed Pin From Net: NetName=OUT1A Pin=J1-A18
Removed Pin From Net: NetName=OUT1A Pin=J1-A19
Removed Pin From Net: NetName=OUT1B Pin=J1-A20
Removed Pin From Net: NetName=OUT1B Pin=J1-A21
Removed Pin From Net: NetName=OUT1B Pin=J1-A22
Removed Pin From Net: NetName=OUT2A Pin=J1-A23
Removed Pin From Net: NetName=OUT2A Pin=J1-A24
Removed Pin From Net: NetName=OUT2A Pin=J1-A25
Removed Pin From Net: NetName=OUT2B Pin=J1-A26
Removed Pin From Net: NetName=OUT2B Pin=J1-A27
Removed Pin From Net: NetName=OUT2B Pin=J1-A28
Removed Pin From Net: NetName=VCC Pin=J1-B1
Removed Pin From Net: NetName=GND Pin=J1-B2
Removed Pin From Net: NetName=SD1 Pin=J1-B3
Removed Pin From Net: NetName=SD2 Pin=J1-B5
Removed Pin From Net: NetName=GND Pin=J1-B7
Removed Pin From Net: NetName=GND Pin=J1-B8
Removed Pin From Net: NetName=GND Pin=J1-B9
Removed Pin From Net: NetName=GND Pin=J1-B10
Removed Pin From Net: NetName=GND Pin=J1-B11
Removed Pin From Net: NetName=24V Pin=J1-B12
Removed Pin From Net: NetName=24V Pin=J1-B13
Removed Pin From Net: NetName=24V Pin=J1-B14
Removed Pin From Net: NetName=24V Pin=J1-B15
Removed Pin From Net: NetName=24V Pin=J1-B16
Removed Pin From Net: NetName=OUT1A Pin=J1-B17
Removed Pin From Net: NetName=OUT1A Pin=J1-B18
Removed Pin From Net: NetName=OUT1A Pin=J1-B19
Removed Pin From Net: NetName=OUT1B Pin=J1-B20
Removed Pin From Net: NetName=OUT1B Pin=J1-B21
Removed Pin From Net: NetName=OUT1B Pin=J1-B22
Removed Pin From Net: NetName=OUT2A Pin=J1-B23
Removed Pin From Net: NetName=OUT2A Pin=J1-B24
Removed Pin From Net: NetName=OUT2A Pin=J1-B25
Removed Pin From Net: NetName=OUT2B Pin=J1-B26
Removed Pin From Net: NetName=OUT2B Pin=J1-B27
Removed Pin From Net: NetName=OUT2B Pin=J1-B28
Removed Pin From Net: NetName=GND Pin=R11-2
Removed Pin From Net: NetName=GND Pin=R12-2
Removed Pin From Net: NetName=GND Pin=R13-2
Removed Pin From Net: NetName=GND Pin=R26-2
Removed Pin From Net: NetName=GND Pin=R27-2
Removed Pin From Net: NetName=GND Pin=R28-2
Removed Pin From Net: NetName=GND Pin=U3-7
Removed Pin From Net: NetName=VCC Pin=U3-14
Removed Pin From Net: NetName=GND Pin=U4-4
Removed Pin From Net: NetName=VCC Pin=U4-8
Removed Pin From Net: NetName=GND Pin=U7-7
Removed Pin From Net: NetName=VCC Pin=U7-14
Removed Pin From Net: NetName=GND Pin=U8-1
Removed Pin From Net: NetName=VCC Pin=U8-3
Removed Member From Class: ClassName=MOS管电机驱动电路 Member=C3
Removed Member From Class: ClassName=MOS管电机驱动电路 Member=C6
Removed Member From Class: ClassName=MOS管电机驱动电路 Member=C14
Removed Member From Class: ClassName=MOS管电机驱动电路 Member=C15
Removed Member From Class: ClassName=MOS管电机驱动电路 Member=C19
Removed Member From Class: ClassName=MOS管电机驱动电路 Member=C20
Removed Member From Class: ClassName=MOS管电机驱动电路 Member=D11
Removed Member From Class: ClassName=MOS管电机驱动电路 Member=J1
Removed Member From Class: ClassName=MOS管电机驱动电路 Member=R8
Removed Member From Class: ClassName=MOS管电机驱动电路 Member=R9
Removed Member From Class: ClassName=MOS管电机驱动电路 Member=R10
Removed Member From Class: ClassName=MOS管电机驱动电路 Member=R11
Removed Member From Class: ClassName=MOS管电机驱动电路 Member=R12
Removed Member From Class: ClassName=MOS管电机驱动电路 Member=R13
Removed Member From Class: ClassName=MOS管电机驱动电路 Member=R14
Removed Member From Class: ClassName=MOS管电机驱动电路 Member=R15
Removed Member From Class: ClassName=MOS管电机驱动电路 Member=R23
Removed Member From Class: ClassName=MOS管电机驱动电路 Member=R24
Removed Member From Class: ClassName=MOS管电机驱动电路 Member=R25
Removed Member From Class: ClassName=MOS管电机驱动电路 Member=R26
Removed Member From Class: ClassName=MOS管电机驱动电路 Member=R27
Removed Member From Class: ClassName=MOS管电机驱动电路 Member=R28
Removed Member From Class: ClassName=MOS管电机驱动电路 Member=R29
Removed Member From Class: ClassName=MOS管电机驱动电路 Member=R30
Removed Member From Class: ClassName=MOS管电机驱动电路 Member=U4
Removed Member From Class: ClassName=MOS管电机驱动电路 Member=U8
Change Component Designator: OldDesignator=D6 NewDesignator=LED6
Added Component: Designator=J?(805-36P)
Added Pin To Net: NetName=VCC Pin=J?-A1
Added Pin To Net: NetName=SD1 Pin=J?-A2
Added Pin To Net: NetName=IN2A Pin=J?-A3
Added Pin To Net: NetName=IN2B Pin=J?-A4
Added Pin To Net: NetName=GND Pin=J?-A5
Added Pin To Net: NetName=GND Pin=J?-A6
Added Pin To Net: NetName=GND Pin=J?-A7
Added Pin To Net: NetName=24V Pin=J?-A8
Added Pin To Net: NetName=24V Pin=J?-A9
Added Pin To Net: NetName=24V Pin=J?-A10
Added Pin To Net: NetName=OUT1A Pin=J?-A11
Added Pin To Net: NetName=OUT1A Pin=J?-A12
Added Pin To Net: NetName=OUT1B Pin=J?-A13
Added Pin To Net: NetName=OUT1B Pin=J?-A14
Added Pin To Net: NetName=OUT2A Pin=J?-A15
Added Pin To Net: NetName=OUT2A Pin=J?-A16
Added Pin To Net: NetName=OUT2B Pin=J?-A17
Added Pin To Net: NetName=OUT2B Pin=J?-A18
Added Pin To Net: NetName=IN1A Pin=J?-B1
Added Pin To Net: NetName=IN1B Pin=J?-B2
Added Pin To Net: NetName=SD2 Pin=J?-B3
Added Pin To Net: NetName=GND Pin=J?-B4
Added Pin To Net: NetName=GND Pin=J?-B5
Added Pin To Net: NetName=GND Pin=J?-B6
Added Pin To Net: NetName=GND Pin=J?-B7
Added Pin To Net: NetName=24V Pin=J?-B8
Added Pin To Net: NetName=24V Pin=J?-B9
Added Pin To Net: NetName=24V Pin=J?-B10
Added Pin To Net: NetName=OUT1A Pin=J?-B11
Added Pin To Net: NetName=OUT1A Pin=J?-B12
Added Pin To Net: NetName=OUT1B Pin=J?-B13
Added Pin To Net: NetName=OUT1B Pin=J?-B14
Added Pin To Net: NetName=OUT2A Pin=J?-B15
Added Pin To Net: NetName=OUT2A Pin=J?-B16
Added Pin To Net: NetName=OUT2B Pin=J?-B17
Added Pin To Net: NetName=OUT2B Pin=J?-B18
Added Pin To Net: NetName=GND Pin=Q3-3
Added Pin To Net: NetName=GND Pin=Q4-3
Added Pin To Net: NetName=GND Pin=Q7-3
Added Pin To Net: NetName=GND Pin=Q8-3
Added Member To Class: ClassName=MOS管电机驱动电路 Member=Component J? 805-36P
Added Member To Class: ClassName=MOS管电机驱动电路 Member=Component LED6 LED
Added Room: Name=MOS管电机驱动电路
Added Room: Name=SX1308升压电路
