Removed Pin From Net: NetName=NetPWM_1_7 Pin=U1-31
Removed Pin From Net: NetName=NetPWM_1_8 Pin=U1-32
Removed Pin From Net: NetName=NetU1_48 Pin=通讯端口2-1
Removed Pin From Net: NetName=NetU1_47 Pin=通讯端口2-2
Removed Member From Class: ClassName=Sheet1 Member=通讯端口2
Added Component: Designator=U2(ARDUINO MINI)
Added Pin To Net: NetName=NetPWM_1_8 Pin=U1-3
Added Pin To Net: NetName=NetPWM_1_7 Pin=U1-4
Added Pin To Net: NetName=GND Pin=U1-49
Added Pin To Net: NetName=NetU1_47 Pin=U2-1
Added Pin To Net: NetName=NetU1_48 Pin=U2-2
Added Pin To Net: NetName=GND Pin=U2-4
Added Pin To Net: NetName=GND Pin=U2-13
Added Pin To Net: NetName=GND Pin=U2-26
Added Pin To Net: NetName=3.3V Pin=U1-40
Added Pin To Net: NetName=3.3V Pin=U2-24
Added Net: Name=3.3V
Added Pin To Net: NetName=NetU2_6 Pin=U2-6
Added Pin To Net: NetName=NetU2_6 Pin=云台舵机2-1
Added Net: Name=NetU2_6
Added Pin To Net: NetName=NetU2_8 Pin=U2-8
Added Pin To Net: NetName=NetU2_8 Pin=云台舵机1-1
Added Net: Name=NetU2_8
Added Pin To Net: NetName=NetU2_9 Pin=U2-9
Added Pin To Net: NetName=NetU2_9 Pin=步进电机1-2
Added Net: Name=NetU2_9
Added Pin To Net: NetName=NetU2_10 Pin=U2-10
Added Pin To Net: NetName=NetU2_10 Pin=步进电机1-1
Added Net: Name=NetU2_10
Added Pin To Net: NetName=NetU2_11 Pin=U2-11
Added Pin To Net: NetName=NetU2_11 Pin=步进电机2-2
Added Net: Name=NetU2_11
Added Pin To Net: NetName=NetU2_12 Pin=U2-12
Added Pin To Net: NetName=NetU2_12 Pin=步进电机2-1
Added Net: Name=NetU2_12
Added Pin To Net: NetName=NetU2_20 Pin=U2-20
Added Pin To Net: NetName=NetU2_20 Pin=模拟量输入1-1
Added Net: Name=NetU2_20
Added Pin To Net: NetName=NetU2_21 Pin=U2-21
Added Pin To Net: NetName=NetU2_21 Pin=模拟量输入2-1
Added Net: Name=NetU2_21
Added Member To Class: ClassName=Sheet1 Member=Component U2 ANDUINO MINI
Added Room: Name=Sheet1
