Removed Pin From Net: NetName=A4 Pin=S2-3
Removed Pin From Net: NetName=S5 Pin=S2-4
Removed Pin From Net: NetName=A5 Pin=S2-5
Added Component: Designator=R?(0805µç×èÌùÆ¬)
Added Component: Designator=R?(0805µç×èÌùÆ¬)
Added Component: Designator=R?(0805µç×èÌùÆ¬)
Added Component: Designator=R?(0805µç×èÌùÆ¬)
Added Component: Designator=R?(0805µç×èÌùÆ¬)
Added Component: Designator=R?(0805µç×èÌùÆ¬)
Added Pin To Net: NetName=A4 Pin=R?-2
Added Pin To Net: NetName=A5 Pin=R?-2
Added Pin To Net: NetName=GND Pin=R?-2
Added Pin To Net: NetName=GND Pin=R?-2
Added Pin To Net: NetName=GND Pin=R?-2
Added Pin To Net: NetName=S5 Pin=R?-2
Added Pin To Net: NetName=CS Pin=R?-1
Added Pin To Net: NetName=CS Pin=R?-1
Added Pin To Net: NetName=CS Pin=S2-3
Added Net: Name=CS
Added Pin To Net: NetName=MOSI Pin=R?-1
Added Pin To Net: NetName=MOSI Pin=R?-1
Added Pin To Net: NetName=MOSI Pin=S2-4
Added Net: Name=MOSI
Added Pin To Net: NetName=SCLK Pin=R?-1
Added Pin To Net: NetName=SCLK Pin=R?-1
Added Pin To Net: NetName=SCLK Pin=S2-5
Added Net: Name=SCLK
Added Member To Class: ClassName=XS128 Member=Component R? Res2
Added Member To Class: ClassName=XS128 Member=Component R? Res2
Added Member To Class: ClassName=XS128 Member=Component R? Res2
Added Member To Class: ClassName=XS128 Member=Component R? Res2
Added Member To Class: ClassName=XS128 Member=Component R? Res2
Added Member To Class: ClassName=XS128 Member=Component R? Res2
Added Room: Name=XS128
