Added Component: Designator=D5(0805µç×èÌùÆ¬)
Added Component: Designator=D6(0805µç×èÌùÆ¬)
Added Component: Designator=R10(0805µç×èÌùÆ¬)
Added Component: Designator=R11(0805µç×èÌùÆ¬)
Added Component: Designator=R12(0805µç×èÌùÆ¬)
Added Component: Designator=R13(0805µç×èÌùÆ¬)
Added Pin To Net: NetName=S1 Pin=D5-1
Added Pin To Net: NetName=S0 Pin=D6-1
Added Pin To Net: NetName=+5V Pin=R10-2
Added Pin To Net: NetName=+3.3V Pin=R11-2
Added Pin To Net: NetName=GND Pin=R12-2
Added Pin To Net: NetName=GND Pin=R13-1
Added Pin To Net: NetName=NetD2_1 Pin=R10-1
Added Net: Name=NetD2_1
Added Pin To Net: NetName=NetD3_1 Pin=R11-1
Added Net: Name=NetD3_1
Added Pin To Net: NetName=NetD5_2 Pin=D5-2
Added Pin To Net: NetName=NetD5_2 Pin=R12-1
Added Net: Name=NetD5_2
Added Pin To Net: NetName=NetD6_2 Pin=D6-2
Added Pin To Net: NetName=NetD6_2 Pin=R13-2
Added Net: Name=NetD6_2
Added Member To Class: ClassName=XS128 Member=Component D5 LED1
Added Member To Class: ClassName=XS128 Member=Component D6 LED1
Added Member To Class: ClassName=XS128 Member=Component R10 Res2
Added Member To Class: ClassName=XS128 Member=Component R11 Res2
Added Member To Class: ClassName=XS128 Member=Component R12 Res2
Added Member To Class: ClassName=XS128 Member=Component R13 Res2
Added Room: Name=XS128
