Added Room: Name=ZB
Removed Pin From Net: NetName=K1 Pin=R1-1
Added Pin To Net: NetName=5V Pin=R1-1
Removed Pin From Net: NetName=5V Pin=R1-2
Added Pin To Net: NetName=K1 Pin=R1-2
Removed Pin From Net: NetName=K2 Pin=R2-1
Added Pin To Net: NetName=5V Pin=R2-1
Removed Pin From Net: NetName=5V Pin=R2-2
Added Pin To Net: NetName=K2 Pin=R2-2
Removed Pin From Net: NetName=K3 Pin=R3-1
Added Pin To Net: NetName=5V Pin=R3-1
Removed Pin From Net: NetName=5V Pin=R3-2
Added Pin To Net: NetName=K3 Pin=R3-2
Removed Pin From Net: NetName=K4 Pin=R4-1
Added Pin To Net: NetName=5V Pin=R4-1
Removed Pin From Net: NetName=5V Pin=R4-2
Added Pin To Net: NetName=K4 Pin=R4-2
Removed Pin From Net: NetName=DGND Pin=S100-1
Added Pin To Net: NetName=K1 Pin=S100-1
Removed Pin From Net: NetName=DGND Pin=S100-2
Added Pin To Net: NetName=K2 Pin=S100-2
Removed Pin From Net: NetName=DGND Pin=S100-3
Added Pin To Net: NetName=K3 Pin=S100-3
Removed Pin From Net: NetName=DGND Pin=S100-4
Added Pin To Net: NetName=K4 Pin=S100-4
Removed Pin From Net: NetName=K4 Pin=S100-5
Added Pin To Net: NetName=DGND Pin=S100-5
Removed Pin From Net: NetName=K3 Pin=S100-6
Added Pin To Net: NetName=DGND Pin=S100-6
Removed Pin From Net: NetName=K2 Pin=S100-7
Added Pin To Net: NetName=DGND Pin=S100-7
Removed Pin From Net: NetName=K1 Pin=S100-8
Added Pin To Net: NetName=DGND Pin=S100-8
