Added Pin To Net: NetName=T5_1 Pin=L1-1
Added Pin To Net: NetName=NetL1_2 Pin=L1-2
Added Pin To Net: NetName=T4_1 Pin=L2-1
Added Pin To Net: NetName=NetL2_2 Pin=L2-2
Added Pin To Net: NetName=NetL3_1 Pin=L3-1
Added Pin To Net: NetName=T4_1 Pin=L3-2
Added Pin To Net: NetName=T5_3 Pin=L4-1
Added Pin To Net: NetName=NetL4_2 Pin=L4-2
Added Pin To Net: NetName=T4_3 Pin=L5-1
Added Pin To Net: NetName=NetL5_2 Pin=L5-2
Added Pin To Net: NetName=NetL6_1 Pin=L6-1
Added Pin To Net: NetName=T4_3 Pin=L6-2
Added Pin To Net: NetName=T1_1 Pin=L7-1
Added Pin To Net: NetName=NetL7_2 Pin=L7-2
Added Pin To Net: NetName=T3_1 Pin=L8-1
Added Pin To Net: NetName=NetL8_2 Pin=L8-2
Added Pin To Net: NetName=NetL9_1 Pin=L9-1
Added Pin To Net: NetName=T3_1 Pin=L9-2
Added Pin To Net: NetName=T1_3 Pin=L10-1
Added Pin To Net: NetName=NetL10_2 Pin=L10-2
Added Pin To Net: NetName=T3_3 Pin=L11-1
Added Pin To Net: NetName=NetL11_2 Pin=L11-2
Added Pin To Net: NetName=NetL12_1 Pin=L12-1
Added Pin To Net: NetName=T3_3 Pin=L12-2
Added Pin To Net: NetName=T5_2 Pin=L13-1
Added Pin To Net: NetName=NetL13_2 Pin=L13-2
Added Pin To Net: NetName=T4_2 Pin=L14-1
Added Pin To Net: NetName=NetL14_2 Pin=L14-2
Added Pin To Net: NetName=NetL15_1 Pin=L15-1
Added Pin To Net: NetName=T4_2 Pin=L15-2
Added Pin To Net: NetName=T5_4 Pin=L16-1
Added Pin To Net: NetName=NetL16_2 Pin=L16-2
Added Pin To Net: NetName=T4_4 Pin=L17-1
Added Pin To Net: NetName=NetL17_2 Pin=L17-2
Added Pin To Net: NetName=NetL18_1 Pin=L18-1
Added Pin To Net: NetName=T4_4 Pin=L18-2
Added Pin To Net: NetName=T1_2 Pin=L19-1
Added Pin To Net: NetName=NetL19_2 Pin=L19-2
Added Pin To Net: NetName=T3_2 Pin=L20-1
Added Pin To Net: NetName=NetL20_2 Pin=L20-2
Added Pin To Net: NetName=NetL21_1 Pin=L21-1
Added Pin To Net: NetName=T3_2 Pin=L21-2
Added Pin To Net: NetName=T1_4 Pin=L22-1
Added Pin To Net: NetName=NetL22_2 Pin=L22-2
Added Pin To Net: NetName=T3_4 Pin=L23-1
Added Pin To Net: NetName=NetL23_2 Pin=L23-2
Added Pin To Net: NetName=NetL24_1 Pin=L24-1
Added Pin To Net: NetName=T3_4 Pin=L24-2
Added Pin To Net: NetName=DUO1 Pin=L25-1
Added Pin To Net: NetName=NetL25_2 Pin=L25-2
Added Pin To Net: NetName=DUO2 Pin=L26-1
Added Pin To Net: NetName=NetL26_2 Pin=L26-2
Added Pin To Net: NetName=NetL27_1 Pin=L27-1
Added Pin To Net: NetName=DUO2 Pin=L27-2
Added Pin To Net: NetName=24_V Pin=P1-1
Added Pin To Net: NetName=24_V Pin=P1-2
Added Pin To Net: NetName=24_V Pin=P1-3
Added Pin To Net: NetName=24_V Pin=P1-4
Added Pin To Net: NetName=24_V Pin=P1-5
Added Pin To Net: NetName=24_V Pin=P1-6
Added Pin To Net: NetName=24_V Pin=P1-7
Added Pin To Net: NetName=24_V Pin=P1-8
Added Pin To Net: NetName=12V Pin=P1-9
Added Pin To Net: NetName=12V Pin=P1-10
Added Pin To Net: NetName=12V Pin=P1-11
Added Pin To Net: NetName=12V Pin=P1-12
Added Pin To Net: NetName=12V Pin=P1-13
Added Pin To Net: NetName=12V Pin=P1-14
Added Pin To Net: NetName=12V Pin=P1-15
Added Pin To Net: NetName=12V Pin=P1-16
Added Pin To Net: NetName=9V Pin=P1-17
Added Pin To Net: NetName=9V Pin=P1-18
Added Pin To Net: NetName=9V Pin=P1-19
Added Pin To Net: NetName=9V Pin=P1-20
Added Pin To Net: NetName=9V Pin=P1-21
Added Pin To Net: NetName=9V Pin=P1-22
Added Pin To Net: NetName=5V Pin=P1-23
Added Pin To Net: NetName=5V Pin=P1-24
Added Pin To Net: NetName=5V Pin=P1-25
Added Pin To Net: NetName=5V Pin=P1-26
Added Pin To Net: NetName=5V Pin=P1-27
Added Pin To Net: NetName=5V Pin=P1-28
Added Pin To Net: NetName=GND Pin=P1-29
Added Pin To Net: NetName=GND Pin=P1-30
Added Pin To Net: NetName=GND Pin=P1-31
Added Pin To Net: NetName=GND Pin=P1-32
Added Pin To Net: NetName=GND Pin=P1-33
Added Pin To Net: NetName=GND Pin=P1-34
Added Pin To Net: NetName=GND Pin=P1-35
Added Pin To Net: NetName=GND Pin=P1-36
Added Pin To Net: NetName=OUT1 Pin=P2-1
Added Pin To Net: NetName=OUT1 Pin=P2-2
Added Pin To Net: NetName=OUT1 Pin=P2-3
Added Pin To Net: NetName=OUT1 Pin=P2-4
Added Pin To Net: NetName=5V Pin=P2-5
Added Pin To Net: NetName=PWM1 Pin=P2-6
Added Pin To Net: NetName=24_D Pin=P2-7
Added Pin To Net: NetName=24_D Pin=P2-8
Added Pin To Net: NetName=24_D Pin=P2-9
Added Pin To Net: NetName=24_D Pin=P2-10
Added Pin To Net: NetName=GND Pin=P2-11
Added Pin To Net: NetName=GND Pin=P2-12
Added Pin To Net: NetName=GND Pin=P2-13
Added Pin To Net: NetName=GND Pin=P2-14
Added Pin To Net: NetName=GND Pin=P2-15
Added Pin To Net: NetName=PWM2 Pin=P2-16
Added Pin To Net: NetName=OUT2 Pin=P2-17
Added Pin To Net: NetName=OUT2 Pin=P2-18
Added Pin To Net: NetName=OUT2 Pin=P2-19
Added Pin To Net: NetName=OUT2 Pin=P2-20
Added Pin To Net: NetName=OUT3 Pin=P2-21
Added Pin To Net: NetName=OUT3 Pin=P2-22
Added Pin To Net: NetName=OUT3 Pin=P2-23
Added Pin To Net: NetName=OUT3 Pin=P2-24
Added Pin To Net: NetName=PWM4 Pin=P2-25
Added Pin To Net: NetName=PWM3 Pin=P2-26
Added Pin To Net: NetName=24_D Pin=P2-27
Added Pin To Net: NetName=24_D Pin=P2-28
Added Pin To Net: NetName=24_D Pin=P2-29
Added Pin To Net: NetName=24_D Pin=P2-30
Added Pin To Net: NetName=GND Pin=P2-31
Added Pin To Net: NetName=GND Pin=P2-32
Added Pin To Net: NetName=OUT4 Pin=P2-33
Added Pin To Net: NetName=OUT4 Pin=P2-34
Added Pin To Net: NetName=OUT4 Pin=P2-35
Added Pin To Net: NetName=OUT4 Pin=P2-36
Added Pin To Net: NetName=NetL1_2 Pin=R1-1
Added Pin To Net: NetName=GND Pin=R1-2
Added Pin To Net: NetName=NetL2_2 Pin=R2-1
Added Pin To Net: NetName=GND Pin=R2-2
Added Pin To Net: NetName=NetL3_1 Pin=R3-1
Added Pin To Net: NetName=5V Pin=R3-2
Added Pin To Net: NetName=NetL4_2 Pin=R4-1
Added Pin To Net: NetName=GND Pin=R4-2
Added Pin To Net: NetName=NetL5_2 Pin=R5-1
Added Pin To Net: NetName=GND Pin=R5-2
Added Pin To Net: NetName=NetL6_1 Pin=R6-1
Added Pin To Net: NetName=5V Pin=R6-2
Added Pin To Net: NetName=NetL7_2 Pin=R7-1
Added Pin To Net: NetName=GND Pin=R7-2
Added Pin To Net: NetName=NetL8_2 Pin=R8-1
Added Pin To Net: NetName=GND Pin=R8-2
Added Pin To Net: NetName=NetL9_1 Pin=R9-1
Added Pin To Net: NetName=5V Pin=R9-2
Added Pin To Net: NetName=NetL10_2 Pin=R10-1
Added Pin To Net: NetName=GND Pin=R10-2
Added Pin To Net: NetName=NetL11_2 Pin=R11-1
Added Pin To Net: NetName=GND Pin=R11-2
Added Pin To Net: NetName=NetL12_1 Pin=R12-1
Added Pin To Net: NetName=5V Pin=R12-2
Added Pin To Net: NetName=NetL13_2 Pin=R13-1
Added Pin To Net: NetName=GND Pin=R13-2
Added Pin To Net: NetName=NetL14_2 Pin=R14-1
Added Pin To Net: NetName=GND Pin=R14-2
Added Pin To Net: NetName=NetL15_1 Pin=R15-1
Added Pin To Net: NetName=5V Pin=R15-2
Added Pin To Net: NetName=NetL16_2 Pin=R16-1
Added Pin To Net: NetName=GND Pin=R16-2
Added Pin To Net: NetName=NetL17_2 Pin=R17-1
Added Pin To Net: NetName=GND Pin=R17-2
Added Pin To Net: NetName=NetL18_1 Pin=R18-1
Added Pin To Net: NetName=5V Pin=R18-2
Added Pin To Net: NetName=NetL19_2 Pin=R19-1
Added Pin To Net: NetName=GND Pin=R19-2
Added Pin To Net: NetName=NetL20_2 Pin=R20-1
Added Pin To Net: NetName=GND Pin=R20-2
Added Pin To Net: NetName=NetL21_1 Pin=R21-1
Added Pin To Net: NetName=5V Pin=R21-2
Added Pin To Net: NetName=NetL22_2 Pin=R22-1
Added Pin To Net: NetName=GND Pin=R22-2
Added Pin To Net: NetName=NetL23_2 Pin=R23-1
Added Pin To Net: NetName=GND Pin=R23-2
Added Pin To Net: NetName=NetL24_1 Pin=R24-1
Added Pin To Net: NetName=5V Pin=R24-2
Added Pin To Net: NetName=NetL25_2 Pin=R25-1
Added Pin To Net: NetName=GND Pin=R25-2
Added Pin To Net: NetName=NetL26_2 Pin=R26-1
Added Pin To Net: NetName=GND Pin=R26-2
Added Pin To Net: NetName=NetL27_1 Pin=R27-1
Added Pin To Net: NetName=5V Pin=R27-2
Added Pin To Net: NetName=GND Pin=SIP2-1
Added Pin To Net: NetName=GND Pin=SIP2-2
Added Pin To Net: NetName=24_D Pin=SIP2-3
Added Pin To Net: NetName=24_D Pin=SIP2-4
Added Pin To Net: NetName=GND Pin=SIP2-5
Added Pin To Net: NetName=GND Pin=SIP2-6
Added Pin To Net: NetName=24_V Pin=SIP2-7
Added Pin To Net: NetName=24_V Pin=SIP2-8
Added Pin To Net: NetName=GND Pin=SIP3-1
Added Pin To Net: NetName=NetSIP3_2 Pin=SIP3-2
Added Pin To Net: NetName=NetSIP3_3 Pin=SIP3-3
Added Pin To Net: NetName=OUT4 Pin=SIP4-1
Added Pin To Net: NetName=OUT4 Pin=SIP4-2
Added Pin To Net: NetName=OUT3 Pin=SIP4-3
Added Pin To Net: NetName=OUT3 Pin=SIP4-4
Added Pin To Net: NetName=OUT2 Pin=SIP4-5
Added Pin To Net: NetName=OUT2 Pin=SIP4-6
Added Pin To Net: NetName=OUT1 Pin=SIP4-7
Added Pin To Net: NetName=OUT1 Pin=SIP4-8
Added Pin To Net: NetName=NetSIP5_1 Pin=SIP5-1
Added Pin To Net: NetName=NetSIP5_2 Pin=SIP5-2
Added Pin To Net: NetName=NetSIP5_3 Pin=SIP5-3
Added Pin To Net: NetName=GND Pin=SIP7-1
Added Pin To Net: NetName=T4_1 Pin=SIP7-2
Added Pin To Net: NetName=T5_1 Pin=SIP7-3
Added Pin To Net: NetName=5V Pin=SIP7-4
Added Pin To Net: NetName=GND Pin=SIP8-1
Added Pin To Net: NetName=T4_3 Pin=SIP8-2
Added Pin To Net: NetName=T5_3 Pin=SIP8-3
Added Pin To Net: NetName=5V Pin=SIP8-4
Added Pin To Net: NetName=GND Pin=SIP9-1
Added Pin To Net: NetName=T3_1 Pin=SIP9-2
Added Pin To Net: NetName=T1_1 Pin=SIP9-3
Added Pin To Net: NetName=5V Pin=SIP9-4
Added Pin To Net: NetName=GND Pin=SIP10-1
Added Pin To Net: NetName=T3_3 Pin=SIP10-2
Added Pin To Net: NetName=T1_3 Pin=SIP10-3
Added Pin To Net: NetName=5V Pin=SIP10-4
Added Pin To Net: NetName=GND Pin=SIP11-1
Added Pin To Net: NetName=T4_2 Pin=SIP11-2
Added Pin To Net: NetName=T5_2 Pin=SIP11-3
Added Pin To Net: NetName=5V Pin=SIP11-4
Added Pin To Net: NetName=GND Pin=SIP12-1
Added Pin To Net: NetName=T4_4 Pin=SIP12-2
Added Pin To Net: NetName=T5_4 Pin=SIP12-3
Added Pin To Net: NetName=5V Pin=SIP12-4
Added Pin To Net: NetName=GND Pin=SIP13-1
Added Pin To Net: NetName=T3_2 Pin=SIP13-2
Added Pin To Net: NetName=T1_2 Pin=SIP13-3
Added Pin To Net: NetName=5V Pin=SIP13-4
Added Pin To Net: NetName=GND Pin=SIP14-1
Added Pin To Net: NetName=T3_4 Pin=SIP14-2
Added Pin To Net: NetName=T1_4 Pin=SIP14-3
Added Pin To Net: NetName=5V Pin=SIP14-4
Added Pin To Net: NetName=NetSIP15_1 Pin=SIP15-1
Added Pin To Net: NetName=5V Pin=SIP15-2
Added Pin To Net: NetName=GND Pin=SIP15-3
Added Pin To Net: NetName=NetSIP16_1 Pin=SIP16-1
Added Pin To Net: NetName=5V Pin=SIP16-2
Added Pin To Net: NetName=GND Pin=SIP16-3
Added Pin To Net: NetName=9V Pin=SIP17-1
Added Pin To Net: NetName=GND Pin=SIP17-2
Added Pin To Net: NetName=NetSIP17_3 Pin=SIP17-3
Added Pin To Net: NetName=GND Pin=SIP18-1
Added Pin To Net: NetName=DUO2 Pin=SIP18-2
Added Pin To Net: NetName=DUO1 Pin=SIP18-3
Added Pin To Net: NetName=5V Pin=SIP18-4
Added Pin To Net: NetName=GND Pin=SIP19-1
Added Pin To Net: NetName=GND Pin=SIP19-2
Added Pin To Net: NetName=GND Pin=SIP19-3
Added Pin To Net: NetName=GND Pin=SIP19-4
Added Pin To Net: NetName=12V Pin=SIP19-5
Added Pin To Net: NetName=12V Pin=SIP19-6
Added Pin To Net: NetName=12V Pin=SIP19-7
Added Pin To Net: NetName=12V Pin=SIP19-8
Added Pin To Net: NetName=NetSIP20_1 Pin=SIP20-1
Added Pin To Net: NetName=5V Pin=SIP20-2
Added Pin To Net: NetName=GND Pin=SIP20-3
Added Pin To Net: NetName=NetSIP21_1 Pin=SIP21-1
Added Pin To Net: NetName=5V Pin=SIP21-2
Added Pin To Net: NetName=GND Pin=SIP21-3
Added Pin To Net: NetName=5V Pin=SIP22-1
Added Pin To Net: NetName=5V Pin=SIP22-2
Added Pin To Net: NetName=GND Pin=SIP22-3
Added Pin To Net: NetName=GND Pin=SIP22-4
Added Pin To Net: NetName=NetSIP22_5 Pin=SIP22-5
Added Pin To Net: NetName=NetSIP22_6 Pin=SIP22-6
Added Pin To Net: NetName=NetSIP22_7 Pin=SIP22-7
Added Pin To Net: NetName=NetSIP22_8 Pin=SIP22-8
Added Pin To Net: NetName=NetSIP3_3 Pin=U1-5
Added Pin To Net: NetName=NetSIP3_2 Pin=U1-6
Added Pin To Net: NetName=T3_2 Pin=U1-7
Added Pin To Net: NetName=T3_1 Pin=U1-8
Added Pin To Net: NetName=T3_3 Pin=U1-10
Added Pin To Net: NetName=T3_4 Pin=U1-11
Added Pin To Net: NetName=T5_1 Pin=U1-13
Added Pin To Net: NetName=T5_2 Pin=U1-14
Added Pin To Net: NetName=T5_3 Pin=U1-15
Added Pin To Net: NetName=T5_4 Pin=U1-16
Added Pin To Net: NetName=T1_1 Pin=U1-17
Added Pin To Net: NetName=T1_2 Pin=U1-18
Added Pin To Net: NetName=T1_3 Pin=U1-19
Added Pin To Net: NetName=T1_4 Pin=U1-20
Added Pin To Net: NetName=T4_1 Pin=U1-21
Added Pin To Net: NetName=T4_2 Pin=U1-22
Added Pin To Net: NetName=T4_3 Pin=U1-23
Added Pin To Net: NetName=T4_4 Pin=U1-24
Added Pin To Net: NetName=NetU1_33 Pin=U1-33
Added Pin To Net: NetName=NetU1_34 Pin=U1-34
Added Pin To Net: NetName=NetU1_35 Pin=U1-35
Added Pin To Net: NetName=NetU1_36 Pin=U1-36
Added Pin To Net: NetName=NetSIP5_1 Pin=U1-37
Added Pin To Net: NetName=NetSIP5_2 Pin=U1-38
Added Pin To Net: NetName=NetSIP5_3 Pin=U1-39
Added Pin To Net: NetName=GND Pin=U1-45
Added Pin To Net: NetName=5V Pin=U1-46
Added Pin To Net: NetName=TX2 Pin=U1-47
Added Pin To Net: NetName=RX2 Pin=U1-48
Added Pin To Net: NetName=GND Pin=U1-49
Added Pin To Net: NetName=5V Pin=U1-50
Added Pin To Net: NetName=5V Pin=U2-3
Added Pin To Net: NetName=GND Pin=U2-4
Added Pin To Net: NetName=GND Pin=U2-5
Added Pin To Net: NetName=NetSIP17_3 Pin=U2-7
Added Pin To Net: NetName=NetSIP22_5 Pin=U2-24
Added Pin To Net: NetName=NetSIP22_6 Pin=U2-26
Added Pin To Net: NetName=NetSIP22_7 Pin=U2-28
Added Pin To Net: NetName=NetSIP22_8 Pin=U2-30
Added Pin To Net: NetName=RX2 Pin=U2-61
Added Pin To Net: NetName=TX2 Pin=U2-62
Added Pin To Net: NetName=NetSIP16_1 Pin=U2-68
Added Pin To Net: NetName=NetSIP15_1 Pin=U2-69
Added Pin To Net: NetName=PWM4 Pin=U2-70
Added Pin To Net: NetName=PWM3 Pin=U2-71
Added Pin To Net: NetName=PWM2 Pin=U2-72
Added Pin To Net: NetName=PWM1 Pin=U2-73
Added Pin To Net: NetName=DUO1 Pin=U2-74
Added Pin To Net: NetName=DUO2 Pin=U2-75
Added Pin To Net: NetName=NetSIP21_1 Pin=U2-76
Added Pin To Net: NetName=NetSIP20_1 Pin=U2-77
Added Pin To Net: NetName=NetU1_33 Pin=通讯端口1-1
Added Pin To Net: NetName=NetU1_34 Pin=通讯端口1-2
Added Pin To Net: NetName=NetU1_35 Pin=通讯端口1-3
Added Pin To Net: NetName=NetU1_36 Pin=通讯端口1-4
Added Room: Name=zhuzhuan1
