Added Pin To Net: NetName=24_V Pin=P1-1
Added Pin To Net: NetName=24_V Pin=P1-2
Added Pin To Net: NetName=24_V Pin=P1-3
Added Pin To Net: NetName=24_V Pin=P1-4
Added Pin To Net: NetName=24_V Pin=P1-5
Added Pin To Net: NetName=24_V Pin=P1-6
Added Pin To Net: NetName=24_V Pin=P1-7
Added Pin To Net: NetName=24_V Pin=P1-8
Added Pin To Net: NetName=12V Pin=P1-9
Added Pin To Net: NetName=12V Pin=P1-10
Added Pin To Net: NetName=12V Pin=P1-11
Added Pin To Net: NetName=12V Pin=P1-12
Added Pin To Net: NetName=12V Pin=P1-13
Added Pin To Net: NetName=12V Pin=P1-14
Added Pin To Net: NetName=12V Pin=P1-15
Added Pin To Net: NetName=12V Pin=P1-16
Added Pin To Net: NetName=9V Pin=P1-17
Added Pin To Net: NetName=9V Pin=P1-18
Added Pin To Net: NetName=9V Pin=P1-19
Added Pin To Net: NetName=9V Pin=P1-20
Added Pin To Net: NetName=9V Pin=P1-21
Added Pin To Net: NetName=9V Pin=P1-22
Added Pin To Net: NetName=5V Pin=P1-23
Added Pin To Net: NetName=5V Pin=P1-24
Added Pin To Net: NetName=5V Pin=P1-25
Added Pin To Net: NetName=5V Pin=P1-26
Added Pin To Net: NetName=5V Pin=P1-27
Added Pin To Net: NetName=5V Pin=P1-28
Added Pin To Net: NetName=GND Pin=P1-29
Added Pin To Net: NetName=GND Pin=P1-30
Added Pin To Net: NetName=GND Pin=P1-31
Added Pin To Net: NetName=GND Pin=P1-32
Added Pin To Net: NetName=GND Pin=P1-33
Added Pin To Net: NetName=GND Pin=P1-34
Added Pin To Net: NetName=GND Pin=P1-35
Added Pin To Net: NetName=GND Pin=P1-36
Added Pin To Net: NetName=OUT1 Pin=P2-1
Added Pin To Net: NetName=OUT1 Pin=P2-2
Added Pin To Net: NetName=OUT1 Pin=P2-3
Added Pin To Net: NetName=OUT1 Pin=P2-4
Added Pin To Net: NetName=5V Pin=P2-5
Added Pin To Net: NetName=PWM1 Pin=P2-6
Added Pin To Net: NetName=24_D Pin=P2-7
Added Pin To Net: NetName=24_D Pin=P2-8
Added Pin To Net: NetName=24_D Pin=P2-9
Added Pin To Net: NetName=24_D Pin=P2-10
Added Pin To Net: NetName=GND Pin=P2-11
Added Pin To Net: NetName=GND Pin=P2-12
Added Pin To Net: NetName=GND Pin=P2-13
Added Pin To Net: NetName=GND Pin=P2-14
Added Pin To Net: NetName=GND Pin=P2-15
Added Pin To Net: NetName=PWM2 Pin=P2-16
Added Pin To Net: NetName=OUT2 Pin=P2-17
Added Pin To Net: NetName=OUT2 Pin=P2-18
Added Pin To Net: NetName=OUT2 Pin=P2-19
Added Pin To Net: NetName=OUT2 Pin=P2-20
Added Pin To Net: NetName=OUT3 Pin=P2-21
Added Pin To Net: NetName=OUT3 Pin=P2-22
Added Pin To Net: NetName=OUT3 Pin=P2-23
Added Pin To Net: NetName=OUT3 Pin=P2-24
Added Pin To Net: NetName=PWM4 Pin=P2-25
Added Pin To Net: NetName=PWM3 Pin=P2-26
Added Pin To Net: NetName=24_D Pin=P2-27
Added Pin To Net: NetName=24_D Pin=P2-28
Added Pin To Net: NetName=24_D Pin=P2-29
Added Pin To Net: NetName=24_D Pin=P2-30
Added Pin To Net: NetName=GND Pin=P2-31
Added Pin To Net: NetName=GND Pin=P2-32
Added Pin To Net: NetName=OUT4 Pin=P2-33
Added Pin To Net: NetName=OUT4 Pin=P2-34
Added Pin To Net: NetName=OUT4 Pin=P2-35
Added Pin To Net: NetName=OUT4 Pin=P2-36
Added Pin To Net: NetName=NetSIP3_3 Pin=U1-5
Added Pin To Net: NetName=NetSIP3_2 Pin=U1-6
Added Pin To Net: NetName=T3_2 Pin=U1-7
Added Pin To Net: NetName=T3_1 Pin=U1-8
Added Pin To Net: NetName=T3_3 Pin=U1-10
Added Pin To Net: NetName=T3_4 Pin=U1-11
Added Pin To Net: NetName=T5_1 Pin=U1-13
Added Pin To Net: NetName=T5_2 Pin=U1-14
Added Pin To Net: NetName=T5_3 Pin=U1-15
Added Pin To Net: NetName=T5_4 Pin=U1-16
Added Pin To Net: NetName=T1_1 Pin=U1-17
Added Pin To Net: NetName=T1_2 Pin=U1-18
Added Pin To Net: NetName=T1_3 Pin=U1-19
Added Pin To Net: NetName=T1_4 Pin=U1-20
Added Pin To Net: NetName=T4_1 Pin=U1-21
Added Pin To Net: NetName=T4_2 Pin=U1-22
Added Pin To Net: NetName=T4_3 Pin=U1-23
Added Pin To Net: NetName=T4_4 Pin=U1-24
Added Pin To Net: NetName=NetU1_33 Pin=U1-33
Added Pin To Net: NetName=NetU1_34 Pin=U1-34
Added Pin To Net: NetName=NetU1_35 Pin=U1-35
Added Pin To Net: NetName=NetU1_36 Pin=U1-36
Added Pin To Net: NetName=NetSIP5_1 Pin=U1-37
Added Pin To Net: NetName=NetSIP5_2 Pin=U1-38
Added Pin To Net: NetName=NetSIP5_3 Pin=U1-39
Added Pin To Net: NetName=GND Pin=U1-45
Added Pin To Net: NetName=5V Pin=U1-46
Added Pin To Net: NetName=TX2 Pin=U1-47
Added Pin To Net: NetName=RX2 Pin=U1-48
Added Pin To Net: NetName=GND Pin=U1-49
Added Pin To Net: NetName=5V Pin=U1-50
Added Pin To Net: NetName=5V Pin=U2-3
Added Pin To Net: NetName=GND Pin=U2-4
Added Pin To Net: NetName=GND Pin=U2-5
Added Pin To Net: NetName=NetSIP17_3 Pin=U2-7
Added Pin To Net: NetName=NetSIP22_5 Pin=U2-24
Added Pin To Net: NetName=NetSIP22_6 Pin=U2-26
Added Pin To Net: NetName=NetSIP22_7 Pin=U2-28
Added Pin To Net: NetName=NetSIP22_8 Pin=U2-30
Added Pin To Net: NetName=RX2 Pin=U2-61
Added Pin To Net: NetName=TX2 Pin=U2-62
Added Pin To Net: NetName=NetSIP16_1 Pin=U2-68
Added Pin To Net: NetName=NetSIP15_1 Pin=U2-69
Added Pin To Net: NetName=PWM1 Pin=U2-70
Added Pin To Net: NetName=PWM2 Pin=U2-71
Added Pin To Net: NetName=PWM3 Pin=U2-72
Added Pin To Net: NetName=PWM4 Pin=U2-73
Added Pin To Net: NetName=DUO2 Pin=U2-74
Added Pin To Net: NetName=DUO1 Pin=U2-75
Added Pin To Net: NetName=NetSIP21_1 Pin=U2-76
Added Pin To Net: NetName=NetSIP20_1 Pin=U2-77
Added Room: Name=zhuzhuan1
