Change Component Designator: Old Designator=BLUETOOTH? New Designator=BLUETOOTH1
Change Component Designator: Old Designator=BLUETOOTH? New Designator=BLUETOOTH2
Change Component Designator: Old Designator=C1 New Designator=C2
Change Component Designator: Old Designator=C2 New Designator=C3
Change Component Designator: Old Designator=C3 New Designator=C4
Change Component Designator: Old Designator=C4 New Designator=C5
Change Component Designator: Old Designator=C5 New Designator=C1
Change Component Designator: Old Designator=D2 New Designator=D3
Change Component Designator: Old Designator=D3 New Designator=D2
Change Component Designator: Old Designator=J? New Designator=J1
Change Component Designator: Old Designator=J? New Designator=J2
Change Component Designator: Old Designator=J? New Designator=J3
Change Component Designator: Old Designator=J? New Designator=J4
Change Component Designator: Old Designator=P2 New Designator=P6
Change Component Designator: Old Designator=P3 New Designator=P4
Change Component Designator: Old Designator=P4 New Designator=P2
Change Component Designator: Old Designator=P5 New Designator=P3
Change Component Designator: Old Designator=P6 New Designator=P5
Change Component Designator: Old Designator=P9 New Designator=P10
Change Component Designator: Old Designator=P12 New Designator=P9
Change Component Designator: Old Designator=P? New Designator=P8
Change Component Designator: Old Designator=R 8*10K? New Designator=R 1
Change Component Designator: Old Designator=S1 New Designator=S2
Change Component Designator: Old Designator=S2 New Designator=S3
Change Component Designator: Old Designator=S3 New Designator=S4
Change Component Designator: Old Designator=S4 New Designator=S5
Change Component Designator: Old Designator=S? New Designator=S1
Change Component Designator: Old Designator=U2 New Designator=U1
