Change Component DesignItemId : Designator=SIP2 Old DesignItemId=SIP3 New DesignItemId=SIP8
Change Component DesignItemId : Designator=SIP3 Old DesignItemId=SIP3 New DesignItemId=SIP8
Change Component Footprint: Designator=SIP2 Old Footprint=SIP3 New Footprint=DIP8-3MM
Change Component Footprint: Designator=SIP3 Old Footprint=SIP3 New Footprint=DIP8-3MM
Change Component Comment : Designator=SIP2 Old Comment=SIP3 New Comment=SIP8
Change Component Comment : Designator=SIP3 Old Comment=SIP3 New Comment=SIP8
Added Component: Designator=P1(QUDONGCHAZUO)
Added Component: Designator=P2(QUDONGCHAZUO)
Added Component: Designator=P3(QUDONGCHAZUO)
Added Component: Designator=SIP4(DIP8-3MM)
Added Pin To Net: NetName=5V Pin=P1-5
Added Pin To Net: NetName=5V Pin=P2-5
Added Pin To Net: NetName=5V Pin=P3-23
Added Pin To Net: NetName=5V Pin=P3-24
Added Pin To Net: NetName=5V Pin=P3-25
Added Pin To Net: NetName=5V Pin=P3-26
Added Pin To Net: NetName=5V Pin=P3-27
Added Pin To Net: NetName=5V Pin=P3-28
Added Net: Name=5V
Added Pin To Net: NetName=9V Pin=P3-17
Added Pin To Net: NetName=9V Pin=P3-18
Added Pin To Net: NetName=9V Pin=P3-19
Added Pin To Net: NetName=9V Pin=P3-20
Added Pin To Net: NetName=9V Pin=P3-21
Added Pin To Net: NetName=9V Pin=P3-22
Added Net: Name=9V
Added Pin To Net: NetName=12V_1 Pin=P3-9
Added Pin To Net: NetName=12V_1 Pin=P3-10
Added Pin To Net: NetName=12V_1 Pin=P3-11
Added Pin To Net: NetName=12V_1 Pin=P3-12
Added Net: Name=12V_1
Added Pin To Net: NetName=12V_2 Pin=P3-13
Added Pin To Net: NetName=12V_2 Pin=P3-14
Added Pin To Net: NetName=12V_2 Pin=P3-15
Added Pin To Net: NetName=12V_2 Pin=P3-16
Added Net: Name=12V_2
Added Pin To Net: NetName=DC24V_1+ Pin=P1-7
Added Pin To Net: NetName=DC24V_1+ Pin=P1-8
Added Pin To Net: NetName=DC24V_1+ Pin=P1-9
Added Pin To Net: NetName=DC24V_1+ Pin=P1-10
Added Pin To Net: NetName=DC24V_1+ Pin=SIP2-8
Added Pin To Net: NetName=DC24V_1+ Pin=SIP3-6
Added Pin To Net: NetName=DC24V_1+ Pin=SIP3-8
Added Net: Name=DC24V_1+
Added Pin To Net: NetName=DC24V_1- Pin=P1-11
Added Pin To Net: NetName=DC24V_1- Pin=P1-12
Added Pin To Net: NetName=DC24V_1- Pin=P1-13
Added Pin To Net: NetName=DC24V_1- Pin=P1-14
Added Pin To Net: NetName=DC24V_1- Pin=P1-15
Added Pin To Net: NetName=DC24V_1- Pin=SIP2-7
Added Net: Name=DC24V_1-
Added Pin To Net: NetName=DC24V_2+ Pin=P1-27
Added Pin To Net: NetName=DC24V_2+ Pin=P1-28
Added Pin To Net: NetName=DC24V_2+ Pin=P1-29
Added Pin To Net: NetName=DC24V_2+ Pin=P1-30
Added Pin To Net: NetName=DC24V_2+ Pin=SIP2-6
Added Pin To Net: NetName=DC24V_2+ Pin=SIP3-2
Added Pin To Net: NetName=DC24V_2+ Pin=SIP3-4
Added Net: Name=DC24V_2+
Added Pin To Net: NetName=DC24V_2- Pin=P1-31
Added Pin To Net: NetName=DC24V_2- Pin=P1-32
Added Pin To Net: NetName=DC24V_2- Pin=SIP2-5
Added Net: Name=DC24V_2-
Added Pin To Net: NetName=DC24V_3+ Pin=P2-7
Added Pin To Net: NetName=DC24V_3+ Pin=P2-8
Added Pin To Net: NetName=DC24V_3+ Pin=P2-9
Added Pin To Net: NetName=DC24V_3+ Pin=P2-10
Added Pin To Net: NetName=DC24V_3+ Pin=P2-27
Added Pin To Net: NetName=DC24V_3+ Pin=P2-28
Added Pin To Net: NetName=DC24V_3+ Pin=P2-29
Added Pin To Net: NetName=DC24V_3+ Pin=P2-30
Added Pin To Net: NetName=DC24V_3+ Pin=SIP2-4
Added Pin To Net: NetName=DC24V_3+ Pin=SIP4-2
Added Pin To Net: NetName=DC24V_3+ Pin=SIP4-4
Added Pin To Net: NetName=DC24V_3+ Pin=SIP4-6
Added Pin To Net: NetName=DC24V_3+ Pin=SIP4-8
Added Net: Name=DC24V_3+
Added Pin To Net: NetName=DC24V_3- Pin=P2-11
Added Pin To Net: NetName=DC24V_3- Pin=P2-12
Added Pin To Net: NetName=DC24V_3- Pin=P2-13
Added Pin To Net: NetName=DC24V_3- Pin=P2-14
Added Pin To Net: NetName=DC24V_3- Pin=P2-15
Added Pin To Net: NetName=DC24V_3- Pin=P2-31
Added Pin To Net: NetName=DC24V_3- Pin=P2-32
Added Pin To Net: NetName=DC24V_3- Pin=SIP2-3
Added Net: Name=DC24V_3-
Added Pin To Net: NetName=DC24V_4+ Pin=P3-1
Added Pin To Net: NetName=DC24V_4+ Pin=P3-2
Added Pin To Net: NetName=DC24V_4+ Pin=P3-3
Added Pin To Net: NetName=DC24V_4+ Pin=P3-4
Added Pin To Net: NetName=DC24V_4+ Pin=P3-5
Added Pin To Net: NetName=DC24V_4+ Pin=P3-6
Added Pin To Net: NetName=DC24V_4+ Pin=P3-7
Added Pin To Net: NetName=DC24V_4+ Pin=P3-8
Added Pin To Net: NetName=DC24V_4+ Pin=SIP2-2
Added Net: Name=DC24V_4+
Added Pin To Net: NetName=DC24V_4- Pin=P3-29
Added Pin To Net: NetName=DC24V_4- Pin=P3-30
Added Pin To Net: NetName=DC24V_4- Pin=P3-31
Added Pin To Net: NetName=DC24V_4- Pin=P3-32
Added Pin To Net: NetName=DC24V_4- Pin=P3-33
Added Pin To Net: NetName=DC24V_4- Pin=P3-34
Added Pin To Net: NetName=DC24V_4- Pin=P3-35
Added Pin To Net: NetName=DC24V_4- Pin=P3-36
Added Pin To Net: NetName=DC24V_4- Pin=SIP2-1
Added Net: Name=DC24V_4-
Added Pin To Net: NetName=OUT1 Pin=P1-1
Added Pin To Net: NetName=OUT1 Pin=P1-2
Added Pin To Net: NetName=OUT1 Pin=P1-3
Added Pin To Net: NetName=OUT1 Pin=P1-4
Added Pin To Net: NetName=OUT1 Pin=SIP3-7
Added Net: Name=OUT1
Added Pin To Net: NetName=OUT2 Pin=P1-17
Added Pin To Net: NetName=OUT2 Pin=P1-18
Added Pin To Net: NetName=OUT2 Pin=P1-19
Added Pin To Net: NetName=OUT2 Pin=P1-20
Added Pin To Net: NetName=OUT2 Pin=SIP3-5
Added Net: Name=OUT2
Added Pin To Net: NetName=OUT3 Pin=P1-21
Added Pin To Net: NetName=OUT3 Pin=P1-22
Added Pin To Net: NetName=OUT3 Pin=P1-23
Added Pin To Net: NetName=OUT3 Pin=P1-24
Added Pin To Net: NetName=OUT3 Pin=SIP3-3
Added Net: Name=OUT3
Added Pin To Net: NetName=OUT4 Pin=P1-33
Added Pin To Net: NetName=OUT4 Pin=P1-34
Added Pin To Net: NetName=OUT4 Pin=P1-35
Added Pin To Net: NetName=OUT4 Pin=P1-36
Added Pin To Net: NetName=OUT4 Pin=SIP3-1
Added Net: Name=OUT4
Added Pin To Net: NetName=OUT5 Pin=P2-1
Added Pin To Net: NetName=OUT5 Pin=P2-2
Added Pin To Net: NetName=OUT5 Pin=P2-3
Added Pin To Net: NetName=OUT5 Pin=P2-4
Added Pin To Net: NetName=OUT5 Pin=SIP4-7
Added Net: Name=OUT5
Added Pin To Net: NetName=OUT6 Pin=P2-17
Added Pin To Net: NetName=OUT6 Pin=P2-18
Added Pin To Net: NetName=OUT6 Pin=P2-19
Added Pin To Net: NetName=OUT6 Pin=P2-20
Added Pin To Net: NetName=OUT6 Pin=SIP4-5
Added Net: Name=OUT6
Added Pin To Net: NetName=OUT7 Pin=P2-21
Added Pin To Net: NetName=OUT7 Pin=P2-22
Added Pin To Net: NetName=OUT7 Pin=P2-23
Added Pin To Net: NetName=OUT7 Pin=P2-24
Added Pin To Net: NetName=OUT7 Pin=SIP4-3
Added Net: Name=OUT7
Added Pin To Net: NetName=OUT8 Pin=P2-33
Added Pin To Net: NetName=OUT8 Pin=P2-34
Added Pin To Net: NetName=OUT8 Pin=P2-35
Added Pin To Net: NetName=OUT8 Pin=P2-36
Added Pin To Net: NetName=OUT8 Pin=SIP4-1
Added Net: Name=OUT8
Added Pin To Net: NetName=PWM1 Pin=P1-6
Added Pin To Net: NetName=PWM1 Pin=SIP1-1
Added Net: Name=PWM1
Added Pin To Net: NetName=PWM2 Pin=P1-16
Added Pin To Net: NetName=PWM2 Pin=SIP1-2
Added Net: Name=PWM2
Added Pin To Net: NetName=PWM3 Pin=P1-26
Added Pin To Net: NetName=PWM3 Pin=SIP1-3
Added Net: Name=PWM3
Added Pin To Net: NetName=PWM4 Pin=P1-25
Added Pin To Net: NetName=PWM4 Pin=SIP1-4
Added Net: Name=PWM4
Added Pin To Net: NetName=PWM5 Pin=P2-6
Added Pin To Net: NetName=PWM5 Pin=SIP1-5
Added Net: Name=PWM5
Added Pin To Net: NetName=PWM6 Pin=P2-16
Added Pin To Net: NetName=PWM6 Pin=SIP1-6
Added Net: Name=PWM6
Added Pin To Net: NetName=PWM7 Pin=P2-26
Added Pin To Net: NetName=PWM7 Pin=SIP1-7
Added Net: Name=PWM7
Added Pin To Net: NetName=PWM8 Pin=P2-25
Added Pin To Net: NetName=PWM8 Pin=SIP1-8
Added Net: Name=PWM8
Added Class: Name=Sheet2
Added Room: Name=Sheet2
