Removed Member From Class: ClassName=Sheet2 Member=P7
Added Component: Designator=CAN总线(SIP3)
Added Component: Designator=OUT3(DIP8-3MM)
Added Component: Designator=OUT4(DIP8-3MM)
Added Component: Designator=OUT5(DIP8-3MM)
Added Component: Designator=POWER1(SIP3)
Added Component: Designator=PWM_1(SIP8)
Added Component: Designator=PWM控制端口T2(SIP8)
Added Component: Designator=PWM控制端口T4_2(SIP8)
Added Component: Designator=PWM控制端口T4――1(SIP4)
Added Component: Designator=SCK NSS(SIP2)
Added Component: Designator=SWCLK(SIP3)
Added Component: Designator=步进电机1(SIP2-3MM)
Added Component: Designator=步进电机2(SIP2-3MM)
Added Component: Designator=模拟量输入1(SIP3)
Added Component: Designator=模拟量输入2(SIP3)
Added Component: Designator=通讯端口1(SIP3)
Added Component: Designator=通讯端口2(SIP4)
Added Component: Designator=云台舵机1(SIP3)
Added Component: Designator=云台舵机2(SIP3)
Added Pin To Net: NetName=DC24V_4- Pin=CAN总线-1
Added Pin To Net: NetName=9V Pin=POWER1-1
Added Pin To Net: NetName=5V Pin=POWER1-2
Added Pin To Net: NetName=DC24V_4- Pin=POWER1-3
Added Pin To Net: NetName=5V Pin=U1-25
Added Pin To Net: NetName=DC24V_4- Pin=U1-26
Added Pin To Net: NetName=5V Pin=U1-29
Added Pin To Net: NetName=DC24V_4- Pin=U1-30
Added Pin To Net: NetName=DC24V_4- Pin=模拟量输入1-2
Added Pin To Net: NetName=9V Pin=模拟量输入1-3
Added Pin To Net: NetName=DC24V_4- Pin=模拟量输入2-2
Added Pin To Net: NetName=9V Pin=模拟量输入2-3
Added Pin To Net: NetName=5V Pin=云台舵机1-2
Added Pin To Net: NetName=DC24V_4- Pin=云台舵机1-3
Added Pin To Net: NetName=5V Pin=云台舵机2-2
Added Pin To Net: NetName=DC24V_4- Pin=云台舵机2-3
Added Pin To Net: NetName=NetCAN总线_2 Pin=CAN总线-2
Added Pin To Net: NetName=NetCAN总线_2 Pin=U1-6
Added Net: Name=NetCAN总线_2
Added Pin To Net: NetName=NetCAN总线_3 Pin=CAN总线-3
Added Pin To Net: NetName=NetCAN总线_3 Pin=U1-5
Added Net: Name=NetCAN总线_3
Added Pin To Net: NetName=NetPWM控制端口T2_1 Pin=PWM控制端口T2-1
Added Pin To Net: NetName=NetPWM控制端口T2_1 Pin=U1-32
Added Net: Name=NetPWM控制端口T2_1
Added Pin To Net: NetName=NetPWM控制端口T2_2 Pin=PWM控制端口T2-2
Added Pin To Net: NetName=NetPWM控制端口T2_2 Pin=U1-31
Added Net: Name=NetPWM控制端口T2_2
Added Pin To Net: NetName=NetPWM控制端口T2_3 Pin=PWM控制端口T2-3
Added Pin To Net: NetName=NetPWM控制端口T2_3 Pin=U1-7
Added Net: Name=NetPWM控制端口T2_3
Added Pin To Net: NetName=NetPWM控制端口T2_4 Pin=PWM控制端口T2-4
Added Pin To Net: NetName=NetPWM控制端口T2_4 Pin=U1-8
Added Net: Name=NetPWM控制端口T2_4
Added Pin To Net: NetName=NetPWM控制端口T2_5 Pin=PWM控制端口T2-5
Added Pin To Net: NetName=NetPWM控制端口T2_5 Pin=U1-9
Added Net: Name=NetPWM控制端口T2_5
Added Pin To Net: NetName=NetPWM控制端口T2_6 Pin=PWM控制端口T2-6
Added Pin To Net: NetName=NetPWM控制端口T2_6 Pin=U1-10
Added Net: Name=NetPWM控制端口T2_6
Added Pin To Net: NetName=NetPWM控制端口T2_7 Pin=PWM控制端口T2-7
Added Pin To Net: NetName=NetPWM控制端口T2_7 Pin=U1-11
Added Net: Name=NetPWM控制端口T2_7
Added Pin To Net: NetName=NetPWM控制端口T2_8 Pin=PWM控制端口T2-8
Added Pin To Net: NetName=NetPWM控制端口T2_8 Pin=U1-12
Added Net: Name=NetPWM控制端口T2_8
Added Pin To Net: NetName=NetPWM控制端口T4_2_1 Pin=PWM控制端口T4_2-1
Added Pin To Net: NetName=NetPWM控制端口T4_2_1 Pin=U1-13
Added Net: Name=NetPWM控制端口T4_2_1
Added Pin To Net: NetName=NetPWM控制端口T4_2_2 Pin=PWM控制端口T4_2-2
Added Pin To Net: NetName=NetPWM控制端口T4_2_2 Pin=U1-14
Added Net: Name=NetPWM控制端口T4_2_2
Added Pin To Net: NetName=NetPWM控制端口T4_2_3 Pin=PWM控制端口T4_2-3
Added Pin To Net: NetName=NetPWM控制端口T4_2_3 Pin=U1-15
Added Net: Name=NetPWM控制端口T4_2_3
Added Pin To Net: NetName=NetPWM控制端口T4_2_4 Pin=PWM控制端口T4_2-4
Added Pin To Net: NetName=NetPWM控制端口T4_2_4 Pin=U1-16
Added Net: Name=NetPWM控制端口T4_2_4
Added Pin To Net: NetName=NetPWM控制端口T4_2_5 Pin=PWM控制端口T4_2-5
Added Pin To Net: NetName=NetPWM控制端口T4_2_5 Pin=U1-17
Added Net: Name=NetPWM控制端口T4_2_5
Added Pin To Net: NetName=NetPWM控制端口T4_2_6 Pin=PWM控制端口T4_2-6
Added Pin To Net: NetName=NetPWM控制端口T4_2_6 Pin=U1-18
Added Net: Name=NetPWM控制端口T4_2_6
Added Pin To Net: NetName=NetPWM控制端口T4_2_7 Pin=PWM控制端口T4_2-7
Added Pin To Net: NetName=NetPWM控制端口T4_2_7 Pin=U1-19
Added Net: Name=NetPWM控制端口T4_2_7
Added Pin To Net: NetName=NetPWM控制端口T4_2_8 Pin=PWM控制端口T4_2-8
Added Pin To Net: NetName=NetPWM控制端口T4_2_8 Pin=U1-20
Added Net: Name=NetPWM控制端口T4_2_8
Added Pin To Net: NetName=NetPWM控制端口T4――1_1 Pin=PWM控制端口T4――1-1
Added Pin To Net: NetName=NetPWM控制端口T4――1_1 Pin=U1-21
Added Net: Name=NetPWM控制端口T4――1_1
Added Pin To Net: NetName=NetPWM控制端口T4――1_2 Pin=PWM控制端口T4――1-2
Added Pin To Net: NetName=NetPWM控制端口T4――1_2 Pin=U1-22
Added Net: Name=NetPWM控制端口T4――1_2
Added Pin To Net: NetName=NetPWM控制端口T4――1_3 Pin=PWM控制端口T4――1-3
Added Pin To Net: NetName=NetPWM控制端口T4――1_3 Pin=U1-23
Added Net: Name=NetPWM控制端口T4――1_3
Added Pin To Net: NetName=NetPWM控制端口T4――1_4 Pin=PWM控制端口T4――1-4
Added Pin To Net: NetName=NetPWM控制端口T4――1_4 Pin=U1-24
Added Net: Name=NetPWM控制端口T4――1_4
Added Pin To Net: NetName=NetSCK NSS_1 Pin=SCK NSS-1
Added Pin To Net: NetName=NetSCK NSS_1 Pin=U1-43
Added Net: Name=NetSCK NSS_1
Added Pin To Net: NetName=NetSCK NSS_2 Pin=SCK NSS-2
Added Pin To Net: NetName=NetSCK NSS_2 Pin=U1-44
Added Net: Name=NetSCK NSS_2
Added Pin To Net: NetName=NetSWCLK_1 Pin=SWCLK-1
Added Pin To Net: NetName=NetSWCLK_1 Pin=U1-37
Added Net: Name=NetSWCLK_1
Added Pin To Net: NetName=NetSWCLK_2 Pin=SWCLK-2
Added Pin To Net: NetName=NetSWCLK_2 Pin=U1-38
Added Net: Name=NetSWCLK_2
Added Pin To Net: NetName=NetSWCLK_3 Pin=SWCLK-3
Added Pin To Net: NetName=NetSWCLK_3 Pin=U1-39
Added Net: Name=NetSWCLK_3
Added Pin To Net: NetName=NetU1_3 Pin=U1-3
Added Pin To Net: NetName=NetU1_3 Pin=步进电机1-1
Added Net: Name=NetU1_3
Added Pin To Net: NetName=NetU1_4 Pin=U1-4
Added Pin To Net: NetName=NetU1_4 Pin=步进电机1-2
Added Net: Name=NetU1_4
Added Pin To Net: NetName=NetU1_27 Pin=U1-27
Added Pin To Net: NetName=NetU1_27 Pin=云台舵机1-1
Added Net: Name=NetU1_27
Added Pin To Net: NetName=NetU1_28 Pin=U1-28
Added Pin To Net: NetName=NetU1_28 Pin=云台舵机2-1
Added Net: Name=NetU1_28
Added Pin To Net: NetName=NetU1_34 Pin=U1-34
Added Pin To Net: NetName=NetU1_34 Pin=通讯端口1-1
Added Net: Name=NetU1_34
Added Pin To Net: NetName=NetU1_35 Pin=U1-35
Added Pin To Net: NetName=NetU1_35 Pin=通讯端口1-2
Added Net: Name=NetU1_35
Added Pin To Net: NetName=NetU1_36 Pin=U1-36
Added Pin To Net: NetName=NetU1_36 Pin=通讯端口1-3
Added Net: Name=NetU1_36
Added Pin To Net: NetName=NetU1_41 Pin=U1-41
Added Pin To Net: NetName=NetU1_41 Pin=模拟量输入1-1
Added Net: Name=NetU1_41
Added Pin To Net: NetName=NetU1_42 Pin=U1-42
Added Pin To Net: NetName=NetU1_42 Pin=模拟量输入2-1
Added Net: Name=NetU1_42
Added Pin To Net: NetName=NetU1_47 Pin=U1-47
Added Pin To Net: NetName=NetU1_47 Pin=通讯端口2-2
Added Net: Name=NetU1_47
Added Pin To Net: NetName=NetU1_48 Pin=U1-48
Added Pin To Net: NetName=NetU1_48 Pin=通讯端口2-1
Added Net: Name=NetU1_48
Added Pin To Net: NetName=NetU1_49 Pin=U1-49
Added Pin To Net: NetName=NetU1_49 Pin=通讯端口2-3
Added Net: Name=NetU1_49
Added Pin To Net: NetName=NetU1_50 Pin=U1-50
Added Pin To Net: NetName=NetU1_50 Pin=通讯端口2-4
Added Net: Name=NetU1_50
Added Pin To Net: NetName=NetU1_51 Pin=U1-51
Added Pin To Net: NetName=NetU1_51 Pin=步进电机2-2
Added Net: Name=NetU1_51
Added Pin To Net: NetName=NetU1_52 Pin=U1-52
Added Pin To Net: NetName=NetU1_52 Pin=步进电机2-1
Added Net: Name=NetU1_52
Added Member To Class: ClassName=Sheet2 Member=Component CAN总线 SIP3
Added Member To Class: ClassName=Sheet2 Member=Component OUT3 DIP8-3MM
Added Member To Class: ClassName=Sheet2 Member=Component OUT4 DIP8-3MM
Added Member To Class: ClassName=Sheet2 Member=Component OUT5 DIP8-3MM
Added Member To Class: ClassName=Sheet2 Member=Component POWER1 SIP3
Added Member To Class: ClassName=Sheet2 Member=Component PWM_1 SIP8
Added Member To Class: ClassName=Sheet2 Member=Component PWM控制端口T2 SIP8
Added Member To Class: ClassName=Sheet2 Member=Component PWM控制端口T4_2 PWM控制端口
Added Member To Class: ClassName=Sheet2 Member=Component PWM控制端口T4――1 SIP4
Added Member To Class: ClassName=Sheet2 Member=Component SCK NSS SIP2
Added Member To Class: ClassName=Sheet2 Member=Component SWCLK SIP3
Added Member To Class: ClassName=Sheet2 Member=Component U1 ------STM32F407------
Added Member To Class: ClassName=Sheet2 Member=Component 步进电机1 SIP2
Added Member To Class: ClassName=Sheet2 Member=Component 步进电机2 SIP2
Added Member To Class: ClassName=Sheet2 Member=Component 模拟量输入1 SIP3
Added Member To Class: ClassName=Sheet2 Member=Component 模拟量输入2 SIP3
Added Member To Class: ClassName=Sheet2 Member=Component 通讯端口1 SIP3
Added Member To Class: ClassName=Sheet2 Member=Component 通讯端口2 SIP4
Added Member To Class: ClassName=Sheet2 Member=Component 云台舵机1 SIP3
Added Member To Class: ClassName=Sheet2 Member=Component 云台舵机2 SIP3
Added Room: Name=Sheet2
